15:44:41.826: results to: /global/u2/r/rstrauss/repos/MPAS_Ocean_Julia/output/kelvinwave/resolution128x128/procs1024/steps10/nvlevels100/2022-08-22T15:44:41.728.txt
15:44:59.021: running tests for [2, 4, 8, 16, 32, 64, 128, 256, 512, 1024] counts of processors with 6 samples per test of 10 steps each
15:45:05.541: partitioning 128 x 128 x 100 ocean among 2 processes with /global/u2/r/rstrauss/repos/MPAS_Ocean_Julia/scaling_test/graphparts/128x128/graph.info.part.2
15:45:05.744: halos: 1 wide
15:45:06.163: subsetting ocean
15:45:11.736: localizing to/from dicts
15:45:12.158: now simulating for 10 steps, communicating every 1 steps
15:45:23.764: setting up exact sol
15:45:23.765: calculating error
15:45:25.743: 1×15 DataFrame
 Row │ procs    sim_time1  sim_time2  sim_time3  sim_time4  sim_time5  sim_time6  mpi_time1  mpi_time2  mpi_time3  mpi_time4  mpi_time5  mpi_time6  max_error  l2_error
     │ Float64  Float64    Float64    Float64    Float64    Float64    Float64    Float64    Float64    Float64    Float64    Float64    Float64    Float64    Float64
─────┼──────────────────────────────────────────────────────────────────────────────────────────────────────────────────────────────────────────────────────────────────
   1 │     2.0     1.8032     1.8009    1.80124    1.80147    1.80666    1.80122   0.407352  0.0786465   0.077856  0.0788558  0.0682675   0.079496        0.0       0.0
15:45:30.828: saved at /global/u2/r/rstrauss/repos/MPAS_Ocean_Julia/output/kelvinwave/resolution128x128/procs1024/steps10/nvlevels100/2022-08-22T15:44:41.728.txt
15:45:30.829: freeing splitcomm
15:45:30.836: partitioning 128 x 128 x 100 ocean among 4 processes with /global/u2/r/rstrauss/repos/MPAS_Ocean_Julia/scaling_test/graphparts/128x128/graph.info.part.4
15:45:30.847: halos: 1 wide
15:45:31.246: subsetting ocean
15:45:31.564: localizing to/from dicts
15:45:31.567: now simulating for 10 steps, communicating every 1 steps
15:45:41.799: setting up exact sol
15:45:41.8: calculating error
15:45:41.802: 2×15 DataFrame
 Row │ procs    sim_time1  sim_time2  sim_time3  sim_time4  sim_time5  sim_time6  mpi_time1  mpi_time2  mpi_time3  mpi_time4  mpi_time5  mpi_time6  max_error  l2_error
     │ Float64  Float64    Float64    Float64    Float64    Float64    Float64    Float64    Float64    Float64    Float64    Float64    Float64    Float64    Float64
─────┼──────────────────────────────────────────────────────────────────────────────────────────────────────────────────────────────────────────────────────────────────
   1 │     2.0   1.8032     1.8009     1.80124    1.80147    1.80666    1.80122    0.407352  0.0786465  0.077856   0.0788558  0.0682675   0.079496        0.0       0.0
   2 │     4.0   0.752395   0.753191   0.752991   0.753237   0.753347   0.753155   5.50075   0.0426744  0.0429328  0.0419776  0.0421422   0.042599      NaN       NaN
15:45:41.828: saved at /global/u2/r/rstrauss/repos/MPAS_Ocean_Julia/output/kelvinwave/resolution128x128/procs1024/steps10/nvlevels100/2022-08-22T15:44:41.728.txt
15:45:41.829: freeing splitcomm
15:45:43.905: partitioning 128 x 128 x 100 ocean among 8 processes with /global/u2/r/rstrauss/repos/MPAS_Ocean_Julia/scaling_test/graphparts/128x128/graph.info.part.8
15:45:43.918: halos: 1 wide
15:45:44.279: subsetting ocean
15:45:44.464: localizing to/from dicts
15:45:44.465: now simulating for 10 steps, communicating every 1 steps
15:45:52.299: setting up exact sol
15:45:52.3: calculating error
15:45:52.302: 3×15 DataFrame
 Row │ procs    sim_time1  sim_time2  sim_time3  sim_time4  sim_time5  sim_time6  mpi_time1  mpi_time2  mpi_time3  mpi_time4  mpi_time5  mpi_time6  max_error  l2_error
     │ Float64  Float64    Float64    Float64    Float64    Float64    Float64    Float64    Float64    Float64    Float64    Float64    Float64    Float64    Float64
─────┼──────────────────────────────────────────────────────────────────────────────────────────────────────────────────────────────────────────────────────────────────
   1 │     2.0   1.8032     1.8009     1.80124    1.80147    1.80666    1.80122    0.407352  0.0786465  0.077856   0.0788558  0.0682675  0.079496         0.0       0.0
   2 │     4.0   0.752395   0.753191   0.752991   0.753237   0.753347   0.753155   5.50075   0.0426744  0.0429328  0.0419776  0.0421422  0.042599       NaN       NaN
   3 │     8.0   0.350714   0.353773   0.353628   0.353944   0.353726   0.353795   5.63829   0.0153188  0.0152503  0.0149043  0.0149043  0.0152152      NaN       NaN
15:45:52.307: saved at /global/u2/r/rstrauss/repos/MPAS_Ocean_Julia/output/kelvinwave/resolution128x128/procs1024/steps10/nvlevels100/2022-08-22T15:44:41.728.txt
15:45:52.307: freeing splitcomm
15:45:54.45: partitioning 128 x 128 x 100 ocean among 16 processes with /global/u2/r/rstrauss/repos/MPAS_Ocean_Julia/scaling_test/graphparts/128x128/graph.info.part.16
15:45:54.463: halos: 1 wide
15:45:55.023: subsetting ocean
15:45:55.145: localizing to/from dicts
15:45:55.146: now simulating for 10 steps, communicating every 1 steps
15:46:02.297: setting up exact sol
15:46:02.298: calculating error
15:46:02.299: 4×15 DataFrame
 Row │ procs    sim_time1  sim_time2  sim_time3  sim_time4  sim_time5  sim_time6  mpi_time1  mpi_time2  mpi_time3  mpi_time4  mpi_time5  mpi_time6  max_error  l2_error
     │ Float64  Float64    Float64    Float64    Float64    Float64    Float64    Float64    Float64    Float64    Float64    Float64    Float64    Float64    Float64
─────┼──────────────────────────────────────────────────────────────────────────────────────────────────────────────────────────────────────────────────────────────────
   1 │     2.0   1.8032     1.8009     1.80124    1.80147    1.80666    1.80122    0.407352  0.0786465  0.077856   0.0788558  0.0682675  0.079496         0.0       0.0
   2 │     4.0   0.752395   0.753191   0.752991   0.753237   0.753347   0.753155   5.50075   0.0426744  0.0429328  0.0419776  0.0421422  0.042599       NaN       NaN
   3 │     8.0   0.350714   0.353773   0.353628   0.353944   0.353726   0.353795   5.63829   0.0153188  0.0152503  0.0149043  0.0149043  0.0152152      NaN       NaN
   4 │    16.0   0.171601   0.173915   0.169996   0.170682   0.17059    0.170476   5.98406   0.0467398  0.0231333  0.0229265  0.0232352  0.0231806      NaN       NaN
15:46:02.305: saved at /global/u2/r/rstrauss/repos/MPAS_Ocean_Julia/output/kelvinwave/resolution128x128/procs1024/steps10/nvlevels100/2022-08-22T15:44:41.728.txt
15:46:02.305: freeing splitcomm
15:46:04.468: partitioning 128 x 128 x 100 ocean among 32 processes with /global/u2/r/rstrauss/repos/MPAS_Ocean_Julia/scaling_test/graphparts/128x128/graph.info.part.32
15:46:04.485: halos: 1 wide
15:46:04.884: subsetting ocean
15:46:04.995: localizing to/from dicts
15:46:04.997: now simulating for 10 steps, communicating every 1 steps
15:46:12.171: setting up exact sol
15:46:12.171: calculating error
15:46:12.172: 5×15 DataFrame
 Row │ procs    sim_time1  sim_time2  sim_time3  sim_time4  sim_time5  sim_time6  mpi_time1  mpi_time2   mpi_time3   mpi_time4   mpi_time5  mpi_time6  max_error  l2_error
     │ Float64  Float64    Float64    Float64    Float64    Float64    Float64    Float64    Float64     Float64     Float64     Float64    Float64    Float64    Float64
─────┼─────────────────────────────────────────────────────────────────────────────────────────────────────────────────────────────────────────────────────────────────────
   1 │     2.0  1.8032      1.8009     1.80124    1.80147    1.80666    1.80122    0.407352  0.0786465   0.077856    0.0788558   0.0682675  0.079496         0.0       0.0
   2 │     4.0  0.752395    0.753191   0.752991   0.753237   0.753347   0.753155   5.50075   0.0426744   0.0429328   0.0419776   0.0421422  0.042599       NaN       NaN
   3 │     8.0  0.350714    0.353773   0.353628   0.353944   0.353726   0.353795   5.63829   0.0153188   0.0152503   0.0149043   0.0149043  0.0152152      NaN       NaN
   4 │    16.0  0.171601    0.173915   0.169996   0.170682   0.17059    0.170476   5.98406   0.0467398   0.0231333   0.0229265   0.0232352  0.0231806      NaN       NaN
   5 │    32.0  0.0961426   0.111106   0.108249   0.108263   0.108381   0.108338   6.49033   0.00794211  0.00826834  0.00821889  0.0103298  0.0080253      NaN       NaN
15:46:12.179: saved at /global/u2/r/rstrauss/repos/MPAS_Ocean_Julia/output/kelvinwave/resolution128x128/procs1024/steps10/nvlevels100/2022-08-22T15:44:41.728.txt
15:46:12.179: freeing splitcomm
15:46:14.597: partitioning 128 x 128 x 100 ocean among 64 processes with /global/u2/r/rstrauss/repos/MPAS_Ocean_Julia/scaling_test/graphparts/128x128/graph.info.part.64
15:46:14.622: halos: 1 wide
15:46:15.157: subsetting ocean
15:46:15.233: localizing to/from dicts
15:46:15.234: now simulating for 10 steps, communicating every 1 steps
15:46:21.773: setting up exact sol
15:46:21.774: calculating error
15:46:21.775: 6×15 DataFrame
 Row │ procs    sim_time1  sim_time2  sim_time3  sim_time4  sim_time5  sim_time6  mpi_time1  mpi_time2   mpi_time3   mpi_time4   mpi_time5   mpi_time6   max_error  l2_error
     │ Float64  Float64    Float64    Float64    Float64    Float64    Float64    Float64    Float64     Float64     Float64     Float64     Float64     Float64    Float64
─────┼───────────────────────────────────────────────────────────────────────────────────────────────────────────────────────────────────────────────────────────────────────
   1 │     2.0  1.8032     1.8009     1.80124    1.80147    1.80666    1.80122     0.407352  0.0786465   0.077856    0.0788558   0.0682675   0.079496          0.0       0.0
   2 │     4.0  0.752395   0.753191   0.752991   0.753237   0.753347   0.753155    5.50075   0.0426744   0.0429328   0.0419776   0.0421422   0.042599        NaN       NaN
   3 │     8.0  0.350714   0.353773   0.353628   0.353944   0.353726   0.353795    5.63829   0.0153188   0.0152503   0.0149043   0.0149043   0.0152152       NaN       NaN
   4 │    16.0  0.171601   0.173915   0.169996   0.170682   0.17059    0.170476    5.98406   0.0467398   0.0231333   0.0229265   0.0232352   0.0231806       NaN       NaN
   5 │    32.0  0.0961426  0.111106   0.108249   0.108263   0.108381   0.108338    6.49033   0.00794211  0.00826834  0.00821889  0.0103298   0.0080253       NaN       NaN
   6 │    64.0  0.0512939  0.0553099  0.0553898  0.0555473  0.0556417  0.0557349   6.15851   0.0176759   0.00863945  0.00849755  0.00822811  0.00813969      NaN       NaN
15:46:21.781: saved at /global/u2/r/rstrauss/repos/MPAS_Ocean_Julia/output/kelvinwave/resolution128x128/procs1024/steps10/nvlevels100/2022-08-22T15:44:41.728.txt
15:46:21.781: freeing splitcomm
15:46:24.208: partitioning 128 x 128 x 100 ocean among 128 processes with /global/u2/r/rstrauss/repos/MPAS_Ocean_Julia/scaling_test/graphparts/128x128/graph.info.part.128
15:46:24.227: halos: 1 wide
15:46:24.763: subsetting ocean
15:46:24.813: localizing to/from dicts
15:46:24.814: now simulating for 10 steps, communicating every 1 steps
15:46:31.94: setting up exact sol
15:46:31.94: calculating error
15:46:31.941: 7×15 DataFrame
 Row │ procs    sim_time1  sim_time2  sim_time3  sim_time4  sim_time5  sim_time6  mpi_time1  mpi_time2   mpi_time3   mpi_time4   mpi_time5   mpi_time6   max_error  l2_error
     │ Float64  Float64    Float64    Float64    Float64    Float64    Float64    Float64    Float64     Float64     Float64     Float64     Float64     Float64    Float64
─────┼───────────────────────────────────────────────────────────────────────────────────────────────────────────────────────────────────────────────────────────────────────
   1 │     2.0  1.8032     1.8009     1.80124    1.80147    1.80666    1.80122     0.407352  0.0786465   0.077856    0.0788558   0.0682675   0.079496          0.0       0.0
   2 │     4.0  0.752395   0.753191   0.752991   0.753237   0.753347   0.753155    5.50075   0.0426744   0.0429328   0.0419776   0.0421422   0.042599        NaN       NaN
   3 │     8.0  0.350714   0.353773   0.353628   0.353944   0.353726   0.353795    5.63829   0.0153188   0.0152503   0.0149043   0.0149043   0.0152152       NaN       NaN
   4 │    16.0  0.171601   0.173915   0.169996   0.170682   0.17059    0.170476    5.98406   0.0467398   0.0231333   0.0229265   0.0232352   0.0231806       NaN       NaN
   5 │    32.0  0.0961426  0.111106   0.108249   0.108263   0.108381   0.108338    6.49033   0.00794211  0.00826834  0.00821889  0.0103298   0.0080253       NaN       NaN
   6 │    64.0  0.0512939  0.0553099  0.0553898  0.0555473  0.0556417  0.0557349   6.15851   0.0176759   0.00863945  0.00849755  0.00822811  0.00813969      NaN       NaN
   7 │   128.0  0.0184712  0.0173582  0.0173168  0.017259   0.0170994  0.0173865   6.98757   0.00690339  0.00729617  0.00621819  0.00646207  0.00599555      NaN       NaN
15:46:31.947: saved at /global/u2/r/rstrauss/repos/MPAS_Ocean_Julia/output/kelvinwave/resolution128x128/procs1024/steps10/nvlevels100/2022-08-22T15:44:41.728.txt
15:46:31.948: freeing splitcomm
15:46:34.608: partitioning 128 x 128 x 100 ocean among 256 processes with /global/u2/r/rstrauss/repos/MPAS_Ocean_Julia/scaling_test/graphparts/128x128/graph.info.part.256
15:46:34.674: halos: 1 wide
15:46:35.182: subsetting ocean
15:46:35.256: localizing to/from dicts
15:46:35.257: now simulating for 10 steps, communicating every 1 steps
15:46:42.421: setting up exact sol
15:46:42.422: calculating error
15:46:42.423: 8×15 DataFrame
 Row │ procs    sim_time1   sim_time2  sim_time3   sim_time4   sim_time5   sim_time6   mpi_time1  mpi_time2   mpi_time3   mpi_time4   mpi_time5   mpi_time6   max_error  l2_error
     │ Float64  Float64     Float64    Float64     Float64     Float64     Float64     Float64    Float64     Float64     Float64     Float64     Float64     Float64    Float64
─────┼────────────────────────────────────────────────────────────────────────────────────────────────────────────────────────────────────────────────────────────────────────────
   1 │     2.0  1.8032      1.8009     1.80124     1.80147     1.80666     1.80122      0.407352  0.0786465   0.077856    0.0788558   0.0682675   0.079496          0.0       0.0
   2 │     4.0  0.752395    0.753191   0.752991    0.753237    0.753347    0.753155     5.50075   0.0426744   0.0429328   0.0419776   0.0421422   0.042599        NaN       NaN
   3 │     8.0  0.350714    0.353773   0.353628    0.353944    0.353726    0.353795     5.63829   0.0153188   0.0152503   0.0149043   0.0149043   0.0152152       NaN       NaN
   4 │    16.0  0.171601    0.173915   0.169996    0.170682    0.17059     0.170476     5.98406   0.0467398   0.0231333   0.0229265   0.0232352   0.0231806       NaN       NaN
   5 │    32.0  0.0961426   0.111106   0.108249    0.108263    0.108381    0.108338     6.49033   0.00794211  0.00826834  0.00821889  0.0103298   0.0080253       NaN       NaN
   6 │    64.0  0.0512939   0.0553099  0.0553898   0.0555473   0.0556417   0.0557349    6.15851   0.0176759   0.00863945  0.00849755  0.00822811  0.00813969      NaN       NaN
   7 │   128.0  0.0184712   0.0173582  0.0173168   0.017259    0.0170994   0.0173865    6.98757   0.00690339  0.00729617  0.00621819  0.00646207  0.00599555      NaN       NaN
   8 │   256.0  0.00716929  0.0056119  0.00528861  0.00536971  0.00546571  0.00542287   7.08624   0.00958127  0.00905105  0.00816266  0.00842266  0.0084014       NaN       NaN
15:46:42.43: saved at /global/u2/r/rstrauss/repos/MPAS_Ocean_Julia/output/kelvinwave/resolution128x128/procs1024/steps10/nvlevels100/2022-08-22T15:44:41.728.txt
15:46:42.43: freeing splitcomm
15:46:45.086: partitioning 128 x 128 x 100 ocean among 512 processes with /global/u2/r/rstrauss/repos/MPAS_Ocean_Julia/scaling_test/graphparts/128x128/graph.info.part.512
15:46:45.131: halos: 1 wide
15:46:45.613: subsetting ocean
15:46:45.708: localizing to/from dicts
15:46:45.708: now simulating for 10 steps, communicating every 1 steps
15:46:52.862: setting up exact sol
15:46:52.862: calculating error
15:46:52.863: 9×15 DataFrame
 Row │ procs    sim_time1   sim_time2   sim_time3   sim_time4   sim_time5   sim_time6   mpi_time1  mpi_time2   mpi_time3   mpi_time4   mpi_time5   mpi_time6   max_error  l2_error
     │ Float64  Float64     Float64     Float64     Float64     Float64     Float64     Float64    Float64     Float64     Float64     Float64     Float64     Float64    Float64
─────┼─────────────────────────────────────────────────────────────────────────────────────────────────────────────────────────────────────────────────────────────────────────────
   1 │     2.0  1.8032      1.8009      1.80124     1.80147     1.80666     1.80122      0.407352  0.0786465   0.077856    0.0788558   0.0682675   0.079496          0.0       0.0
   2 │     4.0  0.752395    0.753191    0.752991    0.753237    0.753347    0.753155     5.50075   0.0426744   0.0429328   0.0419776   0.0421422   0.042599        NaN       NaN
   3 │     8.0  0.350714    0.353773    0.353628    0.353944    0.353726    0.353795     5.63829   0.0153188   0.0152503   0.0149043   0.0149043   0.0152152       NaN       NaN
   4 │    16.0  0.171601    0.173915    0.169996    0.170682    0.17059     0.170476     5.98406   0.0467398   0.0231333   0.0229265   0.0232352   0.0231806       NaN       NaN
   5 │    32.0  0.0961426   0.111106    0.108249    0.108263    0.108381    0.108338     6.49033   0.00794211  0.00826834  0.00821889  0.0103298   0.0080253       NaN       NaN
   6 │    64.0  0.0512939   0.0553099   0.0553898   0.0555473   0.0556417   0.0557349    6.15851   0.0176759   0.00863945  0.00849755  0.00822811  0.00813969      NaN       NaN
   7 │   128.0  0.0184712   0.0173582   0.0173168   0.017259    0.0170994   0.0173865    6.98757   0.00690339  0.00729617  0.00621819  0.00646207  0.00599555      NaN       NaN
   8 │   256.0  0.00716929  0.0056119   0.00528861  0.00536971  0.00546571  0.00542287   7.08624   0.00958127  0.00905105  0.00816266  0.00842266  0.0084014       NaN       NaN
   9 │   512.0  0.00404049  0.00324616  0.00325731  0.00322926  0.00310998  0.00353518   7.05056   0.0154868   0.0110326   0.0111424   0.0115753   0.0324185       NaN       NaN
15:46:52.869: saved at /global/u2/r/rstrauss/repos/MPAS_Ocean_Julia/output/kelvinwave/resolution128x128/procs1024/steps10/nvlevels100/2022-08-22T15:44:41.728.txt
15:46:52.87: freeing splitcomm
15:46:56.045: partitioning 128 x 128 x 100 ocean among 1024 processes with /global/u2/r/rstrauss/repos/MPAS_Ocean_Julia/scaling_test/graphparts/128x128/graph.info.part.1024
15:46:56.131: halos: 1 wide
15:46:56.637: subsetting ocean
15:46:56.77: localizing to/from dicts
15:46:56.771: now simulating for 10 steps, communicating every 1 steps
15:47:03.969: setting up exact sol
15:47:03.97: calculating error
15:47:03.971: 10×15 DataFrame
 Row │ procs    sim_time1   sim_time2   sim_time3   sim_time4   sim_time5   sim_time6   mpi_time1  mpi_time2   mpi_time3   mpi_time4   mpi_time5   mpi_time6   max_error  l2_error
     │ Float64  Float64     Float64     Float64     Float64     Float64     Float64     Float64    Float64     Float64     Float64     Float64     Float64     Float64    Float64
─────┼─────────────────────────────────────────────────────────────────────────────────────────────────────────────────────────────────────────────────────────────────────────────
   1 │     2.0  1.8032      1.8009      1.80124     1.80147     1.80666     1.80122      0.407352  0.0786465   0.077856    0.0788558   0.0682675   0.079496          0.0       0.0
   2 │     4.0  0.752395    0.753191    0.752991    0.753237    0.753347    0.753155     5.50075   0.0426744   0.0429328   0.0419776   0.0421422   0.042599        NaN       NaN
   3 │     8.0  0.350714    0.353773    0.353628    0.353944    0.353726    0.353795     5.63829   0.0153188   0.0152503   0.0149043   0.0149043   0.0152152       NaN       NaN
   4 │    16.0  0.171601    0.173915    0.169996    0.170682    0.17059     0.170476     5.98406   0.0467398   0.0231333   0.0229265   0.0232352   0.0231806       NaN       NaN
   5 │    32.0  0.0961426   0.111106    0.108249    0.108263    0.108381    0.108338     6.49033   0.00794211  0.00826834  0.00821889  0.0103298   0.0080253       NaN       NaN
   6 │    64.0  0.0512939   0.0553099   0.0553898   0.0555473   0.0556417   0.0557349    6.15851   0.0176759   0.00863945  0.00849755  0.00822811  0.00813969      NaN       NaN
   7 │   128.0  0.0184712   0.0173582   0.0173168   0.017259    0.0170994   0.0173865    6.98757   0.00690339  0.00729617  0.00621819  0.00646207  0.00599555      NaN       NaN
   8 │   256.0  0.00716929  0.0056119   0.00528861  0.00536971  0.00546571  0.00542287   7.08624   0.00958127  0.00905105  0.00816266  0.00842266  0.0084014       NaN       NaN
   9 │   512.0  0.00404049  0.00324616  0.00325731  0.00322926  0.00310998  0.00353518   7.05056   0.0154868   0.0110326   0.0111424   0.0115753   0.0324185       NaN       NaN
  10 │  1024.0  0.00132756  0.00111361  0.00112526  0.00118975  0.00113306  0.00111764   7.10897   0.013331    0.012074    0.0142658   0.0170486   0.025031        NaN       NaN
15:47:03.978: saved at /global/u2/r/rstrauss/repos/MPAS_Ocean_Julia/output/kelvinwave/resolution128x128/procs1024/steps10/nvlevels100/2022-08-22T15:44:41.728.txt
15:47:03.979: freeing splitcomm
