05:43:00.292: results to: /global/u2/r/rstrauss/repos/MPAS_Ocean_Julia/output/kelvinwave/resolution512x512/procs1024/steps10/nvlevels100/2022-08-26T05:43:00.196.txt
05:43:45.479: running tests for [2, 4, 8, 16, 32, 64, 128, 256, 512, 1024] counts of processors with 6 samples per test of 10 steps each
05:43:45.479: halos: 1 wide
05:43:50.258: partitioning 512 x 512 x 100 ocean among 2 processes with /global/u2/r/rstrauss/repos/MPAS_Ocean_Julia/scaling_test/graphparts/512x512/graph.info.part.2
05:44:47.405: subsetting ocean
05:44:47.484: cell count 131589
05:44:58.173: dt: 9.864770942891944
05:44:58.797: now simulating for 60 steps, communicating every 1 steps, timing 6 samples of 10 steps
05:51:23.13: generating exact sol
05:51:23.723: calculating error
05:51:23.929: num: [-0.0009940971412887736, -0.0009843388266511958, -0.0009746763275775166, -0.0009651085820931213, -0.0009556348286627591, -0.0009462540225724503, -0.0009369653961952171, -0.0009277678735833664, -0.0009186605902404701, -0.0009096428157597732], exact: [-0.0009934053724846921, -0.0009836538334608354, -0.0009739980182129597, -0.0009644369870902807, -0.0009549698096658838, -0.0009455955646461799, -0.0009363133397812493, -0.0009271222317760679, -0.000918021346202602, -0.000909009797412769]
05:51:25.773: 1×15 DataFrame
 Row │ procs    sim_time1  sim_time2  sim_time3  sim_time4  sim_time5  sim_time6  mpi_time1  mpi_time2  mpi_time3  mpi_time4  mpi_time5  mpi_time6  max_error    l2_error
     │ Float64  Float64    Float64    Float64    Float64    Float64    Float64    Float64    Float64    Float64    Float64    Float64    Float64    Float64      Float64
─────┼──────────────────────────────────────────────────────────────────────────────────────────────────────────────────────────────────────────────────────────────────────
   1 │     2.0    61.8025    61.1045    61.4264    60.2527    60.2615    60.2238    7.37053    2.01028    1.79916    2.10975    2.12489    2.10171  0.000141624  2.92814e-5
05:51:30.065: saved at /global/u2/r/rstrauss/repos/MPAS_Ocean_Julia/output/kelvinwave/resolution512x512/procs1024/steps10/nvlevels100/2022-08-26T05:43:00.196.txt
05:51:30.073: partitioning 512 x 512 x 100 ocean among 4 processes with /global/u2/r/rstrauss/repos/MPAS_Ocean_Julia/scaling_test/graphparts/512x512/graph.info.part.4
05:51:44.981: subsetting ocean
05:51:45.009: cell count 66568
05:51:50.391: dt: 9.864770942891944
05:51:50.582: now simulating for 60 steps, communicating every 1 steps, timing 6 samples of 10 steps
05:55:03.903: generating exact sol
05:55:04.178: calculating error
05:55:04.178: num: [-8.194496616049745e-5, -8.114057166922502e-5, -8.034407358352609e-5, -7.95553943456212e-5, -7.877445651117244e-5, -7.80011852301521e-5, -7.723550389750699e-5, -7.647733924462011e-5, -7.572661655585464e-5, -7.49832634178555e-5], exact: [-8.18879428674231e-5, -8.108410840812507e-5, -8.028816460788288e-5, -7.95000340098277e-5, -7.87196399174284e-5, -7.79469063870281e-5, -7.718175822045352e-5, -7.64241209576973e-5, -7.56739208696719e-5, -7.493108495103464e-5]
05:55:04.179: 2×15 DataFrame
 Row │ procs    sim_time1  sim_time2  sim_time3  sim_time4  sim_time5  sim_time6  mpi_time1  mpi_time2  mpi_time3  mpi_time4  mpi_time5  mpi_time6  max_error    l2_error
     │ Float64  Float64    Float64    Float64    Float64    Float64    Float64    Float64    Float64    Float64    Float64    Float64    Float64    Float64      Float64
─────┼──────────────────────────────────────────────────────────────────────────────────────────────────────────────────────────────────────────────────────────────────────
   1 │     2.0    61.8025    61.1045    61.4264    60.2527    60.2615    60.2238    7.37053   2.01028    1.79916    2.10975    2.12489    2.10171   0.000141624  2.92814e-5
   2 │     4.0    31.032     30.8274    30.771     30.9215    30.7456    30.3361    6.45037   0.310953   0.657941   0.245952   0.119706   0.184908  1.17296e-5   2.89212e-6
05:55:04.193: saved at /global/u2/r/rstrauss/repos/MPAS_Ocean_Julia/output/kelvinwave/resolution512x512/procs1024/steps10/nvlevels100/2022-08-26T05:43:00.196.txt
05:55:06.315: partitioning 512 x 512 x 100 ocean among 8 processes with /global/u2/r/rstrauss/repos/MPAS_Ocean_Julia/scaling_test/graphparts/512x512/graph.info.part.8
05:55:10.614: subsetting ocean
05:55:10.618: cell count 33307
05:55:13.426: dt: 9.864770942891944
05:55:13.488: now simulating for 60 steps, communicating every 1 steps, timing 6 samples of 10 steps
05:57:39.208: generating exact sol
05:57:39.348: calculating error
05:57:39.349: num: [-2.0754268992635588e-5, -2.0550539429776643e-5, -2.0348809700182237e-5, -2.0149060222324987e-5, -1.995127153173355e-5, -1.975542438366411e-5, -1.9561499741732897e-5, -1.9369478716740464e-5, -1.9179342595950084e-5, -1.8991072913326308e-5], exact: [-2.0712623136238214e-5, -2.05093023586444e-5, -2.0307977433450808e-5, -2.010862876882402e-5, -1.991123696524944e-5, -1.971578281364339e-5, -1.952224729348383e-5, -1.9330611570959374e-5, -1.9140856997136453e-5, -1.8952965106144586e-5]
05:57:39.349: 3×15 DataFrame
 Row │ procs    sim_time1  sim_time2  sim_time3  sim_time4  sim_time5  sim_time6  mpi_time1  mpi_time2  mpi_time3  mpi_time4  mpi_time5  mpi_time6  max_error    l2_error
     │ Float64  Float64    Float64    Float64    Float64    Float64    Float64    Float64    Float64    Float64    Float64    Float64    Float64    Float64      Float64
─────┼──────────────────────────────────────────────────────────────────────────────────────────────────────────────────────────────────────────────────────────────────────
   1 │     2.0    61.8025    61.1045    61.4264    60.2527    60.2615    60.2238    7.37053   2.01028    1.79916    2.10975    2.12489    2.10171   0.000141624  2.92814e-5
   2 │     4.0    31.032     30.8274    30.771     30.9215    30.7456    30.3361    6.45037   0.310953   0.657941   0.245952   0.119706   0.184908  1.17296e-5   2.89212e-6
   3 │     8.0    13.837     14.3525    13.8458    14.0798    14.0044    14.2311   16.0164    8.76769    9.29921    9.00567    9.11316    8.81767   3.54614e-6   5.75981e-7
05:57:39.355: saved at /global/u2/r/rstrauss/repos/MPAS_Ocean_Julia/output/kelvinwave/resolution512x512/procs1024/steps10/nvlevels100/2022-08-26T05:43:00.196.txt
05:57:41.808: partitioning 512 x 512 x 100 ocean among 16 processes with /global/u2/r/rstrauss/repos/MPAS_Ocean_Julia/scaling_test/graphparts/512x512/graph.info.part.16
05:57:43.337: subsetting ocean
05:57:43.339: cell count 16902
05:57:45.16: dt: 9.864770942891944
05:57:45.193: now simulating for 60 steps, communicating every 1 steps, timing 6 samples of 10 steps
05:58:59.342: generating exact sol
05:58:59.413: calculating error
05:58:59.414: num: [-7.137452974028991e-5, -7.06738977009339e-5, -6.998014345578292e-5, -6.929319922855038e-5, -6.861299826033775e-5, -6.793947444819804e-5, -6.727256175964053e-5, -6.66121958933099e-5, -6.595831238578246e-5, -6.531084739371726e-5], exact: [-7.132486248449022e-5, -7.062471811326637e-5, -6.993144655081468e-5, -6.924498033176314e-5, -6.85652526529985e-5, -6.78921973671649e-5, -6.722574897622721e-5, -6.656584262509686e-5, -6.591241409532056e-5, -6.526539979883104e-5]
05:58:59.415: 4×15 DataFrame
 Row │ procs    sim_time1  sim_time2  sim_time3  sim_time4  sim_time5  sim_time6  mpi_time1  mpi_time2  mpi_time3  mpi_time4  mpi_time5  mpi_time6  max_error    l2_error
     │ Float64  Float64    Float64    Float64    Float64    Float64    Float64    Float64    Float64    Float64    Float64    Float64    Float64    Float64      Float64
─────┼──────────────────────────────────────────────────────────────────────────────────────────────────────────────────────────────────────────────────────────────────────
   1 │     2.0   61.8025    61.1045    61.4264    60.2527    60.2615    60.2238     7.37053   2.01028    1.79916    2.10975    2.12489    2.10171   0.000141624  2.92814e-5
   2 │     4.0   31.032     30.8274    30.771     30.9215    30.7456    30.3361     6.45037   0.310953   0.657941   0.245952   0.119706   0.184908  1.17296e-5   2.89212e-6
   3 │     8.0   13.837     14.3525    13.8458    14.0798    14.0044    14.2311    16.0164    8.76769    9.29921    9.00567    9.11316    8.81767   3.54614e-6   5.75981e-7
   4 │    16.0    6.29142    6.35012    6.29931    6.38797    6.36045    6.31512   10.5969    5.07429    5.18371    5.00209    4.83909    5.27134   1.07658e-5   3.09809e-6
05:58:59.42: saved at /global/u2/r/rstrauss/repos/MPAS_Ocean_Julia/output/kelvinwave/resolution512x512/procs1024/steps10/nvlevels100/2022-08-26T05:43:00.196.txt
05:59:01.97: partitioning 512 x 512 x 100 ocean among 32 processes with /global/u2/r/rstrauss/repos/MPAS_Ocean_Julia/scaling_test/graphparts/512x512/graph.info.part.32
05:59:02.881: subsetting ocean
05:59:02.882: cell count 8566
05:59:04.083: dt: 9.864770942891944
05:59:04.095: now simulating for 60 steps, communicating every 1 steps, timing 6 samples of 10 steps
05:59:41.311: generating exact sol
05:59:41.345: calculating error
05:59:41.346: num: [-8.275733441415795e-5, -8.194496559831688e-5, -8.114057172466762e-5, -8.034407355497341e-5, -7.955539403947105e-5, -7.87744566072582e-5, -8.310463111501634e-5, -8.228885328445653e-5, -8.148108311047941e-5, -8.068124280059951e-5], exact: [-8.269974621052146e-5, -8.18879428674231e-5, -8.108410840812507e-5, -8.028816460788288e-5, -7.95000340098277e-5, -7.87196399174284e-5, -8.299239342534331e-5, -8.217771737708895e-5, -8.13710384118949e-5, -8.057227802820515e-5]
05:59:41.347: 5×15 DataFrame
 Row │ procs    sim_time1  sim_time2  sim_time3  sim_time4  sim_time5  sim_time6  mpi_time1  mpi_time2  mpi_time3  mpi_time4  mpi_time5  mpi_time6  max_error    l2_error
     │ Float64  Float64    Float64    Float64    Float64    Float64    Float64    Float64    Float64    Float64    Float64    Float64    Float64    Float64      Float64
─────┼──────────────────────────────────────────────────────────────────────────────────────────────────────────────────────────────────────────────────────────────────────
   1 │     2.0   61.8025    61.1045    61.4264    60.2527    60.2615    60.2238     7.37053   2.01028    1.79916    2.10975    2.12489    2.10171   0.000141624  2.92814e-5
   2 │     4.0   31.032     30.8274    30.771     30.9215    30.7456    30.3361     6.45037   0.310953   0.657941   0.245952   0.119706   0.184908  1.17296e-5   2.89212e-6
   3 │     8.0   13.837     14.3525    13.8458    14.0798    14.0044    14.2311    16.0164    8.76769    9.29921    9.00567    9.11316    8.81767   3.54614e-6   5.75981e-7
   4 │    16.0    6.29142    6.35012    6.29931    6.38797    6.36045    6.31512   10.5969    5.07429    5.18371    5.00209    4.83909    5.27134   1.07658e-5   3.09809e-6
   5 │    32.0    4.18824    4.60968    4.46487    4.45148    4.60529    4.3252     6.99939   0.134933   1.23676    0.791186   0.48732    0.834772  1.23378e-5   1.67057e-6
05:59:41.352: saved at /global/u2/r/rstrauss/repos/MPAS_Ocean_Julia/output/kelvinwave/resolution512x512/procs1024/steps10/nvlevels100/2022-08-26T05:43:00.196.txt
05:59:43.69: partitioning 512 x 512 x 100 ocean among 64 processes with /global/u2/r/rstrauss/repos/MPAS_Ocean_Julia/scaling_test/graphparts/512x512/graph.info.part.64
05:59:44.871: subsetting ocean
05:59:44.872: cell count 4250
05:59:46.036: dt: 9.864770942891944
05:59:46.041: now simulating for 60 steps, communicating every 1 steps, timing 6 samples of 10 steps
06:00:05.833: generating exact sol
06:00:05.852: calculating error
06:00:05.852: num: [4.971071786901589e-7, 4.922274385812788e-7, 4.873955991302388e-7, 4.826111906174949e-7, 4.778737469203605e-7, 4.731828076925929e-7, 4.6853791571111136e-7, 4.639386193698205e-7, 4.593844709123366e-7, 4.548750271120519e-7], exact: [2.588841708757729e-7, 2.5634289299981417e-7, 2.5382656100301433e-7, 2.513349300097964e-7, 2.4886775754834827e-7, 2.4642480352702815e-7, 2.4400583021099965e-7, 2.4161060219909575e-7, 2.392388864009125e-7, 2.3689045201412515e-7]
06:00:05.853: 6×15 DataFrame
 Row │ procs    sim_time1  sim_time2  sim_time3  sim_time4  sim_time5  sim_time6  mpi_time1  mpi_time2  mpi_time3  mpi_time4  mpi_time5  mpi_time6  max_error    l2_error
     │ Float64  Float64    Float64    Float64    Float64    Float64    Float64    Float64    Float64    Float64    Float64    Float64    Float64    Float64      Float64
─────┼──────────────────────────────────────────────────────────────────────────────────────────────────────────────────────────────────────────────────────────────────────
   1 │     2.0   61.8025    61.1045    61.4264    60.2527    60.2615    60.2238     7.37053   2.01028    1.79916    2.10975    2.12489    2.10171   0.000141624  2.92814e-5
   2 │     4.0   31.032     30.8274    30.771     30.9215    30.7456    30.3361     6.45037   0.310953   0.657941   0.245952   0.119706   0.184908  1.17296e-5   2.89212e-6
   3 │     8.0   13.837     14.3525    13.8458    14.0798    14.0044    14.2311    16.0164    8.76769    9.29921    9.00567    9.11316    8.81767   3.54614e-6   5.75981e-7
   4 │    16.0    6.29142    6.35012    6.29931    6.38797    6.36045    6.31512   10.5969    5.07429    5.18371    5.00209    4.83909    5.27134   1.07658e-5   3.09809e-6
   5 │    32.0    4.18824    4.60968    4.46487    4.45148    4.60529    4.3252     6.99939   0.134933   1.23676    0.791186   0.48732    0.834772  1.23378e-5   1.67057e-6
   6 │    64.0    2.00008    2.09286    2.05995    2.02325    2.09366    2.09206    6.67784   0.123479   0.133906   0.165602   0.177123   0.110372  1.61072e-6   5.48684e-7
06:00:05.859: saved at /global/u2/r/rstrauss/repos/MPAS_Ocean_Julia/output/kelvinwave/resolution512x512/procs1024/steps10/nvlevels100/2022-08-26T05:43:00.196.txt
06:00:08.241: partitioning 512 x 512 x 100 ocean among 128 processes with /global/u2/r/rstrauss/repos/MPAS_Ocean_Julia/scaling_test/graphparts/512x512/graph.info.part.128
06:00:08.929: subsetting ocean
06:00:08.929: cell count 2248
06:00:10.075: dt: 9.864770942891944
06:00:10.078: now simulating for 60 steps, communicating every 1 steps, timing 6 samples of 10 steps
06:00:25.024: generating exact sol
06:00:25.034: calculating error
06:00:25.035: num: [-0.0001804095509463962, -0.00017863860285930006, -0.00017688503680134788, -0.00017514868547190095, -0.0001734293754673478, -0.00017172694822626801, -0.00017004122727719973, -0.00016837205697630586, -0.00016671927100586834, -0.00016508270877429917], exact: [-0.0001802840094527499, -0.00017851429227359005, -0.0001767619471226191, -0.0001750268034712537, -0.0001733086924648658, -0.00017160744690635063, -0.00016992290123985586, -0.00016825489153467088, -0.00016660325546927364, -0.00016496783231553463]
06:00:25.035: 7×15 DataFrame
 Row │ procs    sim_time1  sim_time2  sim_time3  sim_time4  sim_time5  sim_time6  mpi_time1  mpi_time2  mpi_time3  mpi_time4  mpi_time5  mpi_time6  max_error    l2_error
     │ Float64  Float64    Float64    Float64    Float64    Float64    Float64    Float64    Float64    Float64    Float64    Float64    Float64    Float64      Float64
─────┼──────────────────────────────────────────────────────────────────────────────────────────────────────────────────────────────────────────────────────────────────────
   1 │     2.0   61.8025    61.1045   61.4264     60.2527   60.2615    60.2238      7.37053   2.01028    1.79916    2.10975    2.12489    2.10171   0.000141624  2.92814e-5
   2 │     4.0   31.032     30.8274   30.771      30.9215   30.7456    30.3361      6.45037   0.310953   0.657941   0.245952   0.119706   0.184908  1.17296e-5   2.89212e-6
   3 │     8.0   13.837     14.3525   13.8458     14.0798   14.0044    14.2311     16.0164    8.76769    9.29921    9.00567    9.11316    8.81767   3.54614e-6   5.75981e-7
   4 │    16.0    6.29142    6.35012   6.29931     6.38797   6.36045    6.31512    10.5969    5.07429    5.18371    5.00209    4.83909    5.27134   1.07658e-5   3.09809e-6
   5 │    32.0    4.18824    4.60968   4.46487     4.45148   4.60529    4.3252      6.99939   0.134933   1.23676    0.791186   0.48732    0.834772  1.23378e-5   1.67057e-6
   6 │    64.0    2.00008    2.09286   2.05995     2.02325   2.09366    2.09206     6.67784   0.123479   0.133906   0.165602   0.177123   0.110372  1.61072e-6   5.48684e-7
   7 │   128.0    0.93949    0.95698   0.963758    1.01989   0.929029   0.960579    8.14856   0.273171   0.147355   0.143561   0.230755   0.20388   2.59541e-5   7.59897e-6
06:00:25.041: saved at /global/u2/r/rstrauss/repos/MPAS_Ocean_Julia/output/kelvinwave/resolution512x512/procs1024/steps10/nvlevels100/2022-08-26T05:43:00.196.txt
06:00:27.897: partitioning 512 x 512 x 100 ocean among 256 processes with /global/u2/r/rstrauss/repos/MPAS_Ocean_Julia/scaling_test/graphparts/512x512/graph.info.part.256
06:00:28.637: subsetting ocean
06:00:28.637: cell count 1169
06:00:29.916: dt: 9.864770942891944
06:00:29.919: now simulating for 60 steps, communicating every 1 steps, timing 6 samples of 10 steps
06:00:41.406: generating exact sol
06:00:41.412: calculating error
06:00:41.413: num: [-1.017700053658488e-6, -1.007710031606621e-6, -7.487553734642526e-7, -7.414053857269848e-7, -7.341275477253307e-7, -5.838784191085749e-7, -5.781469088503537e-7, -5.724716606197426e-7, -5.668521220862303e-7, -5.612877464007656e-7], exact: [-7.25644877337537e-7, -7.185217486180696e-7, -5.000847132709735e-7, -4.951757448560969e-7, -4.903149642187285e-7, -2.773926860825792e-7, -2.7466972355570953e-7, -2.71973490374258e-7, -2.6930372415565445e-7, -2.666601650929473e-7]
06:00:41.413: 8×15 DataFrame
 Row │ procs    sim_time1  sim_time2  sim_time3  sim_time4  sim_time5  sim_time6  mpi_time1  mpi_time2  mpi_time3  mpi_time4  mpi_time5  mpi_time6  max_error    l2_error
     │ Float64  Float64    Float64    Float64    Float64    Float64    Float64    Float64    Float64    Float64    Float64    Float64    Float64    Float64      Float64
─────┼──────────────────────────────────────────────────────────────────────────────────────────────────────────────────────────────────────────────────────────────────────
   1 │     2.0  61.8025    61.1045    61.4264    60.2527    60.2615    60.2238      7.37053   2.01028   1.79916     2.10975    2.12489   2.10171    0.000141624  2.92814e-5
   2 │     4.0  31.032     30.8274    30.771     30.9215    30.7456    30.3361      6.45037   0.310953  0.657941    0.245952   0.119706  0.184908   1.17296e-5   2.89212e-6
   3 │     8.0  13.837     14.3525    13.8458    14.0798    14.0044    14.2311     16.0164    8.76769   9.29921     9.00567    9.11316   8.81767    3.54614e-6   5.75981e-7
   4 │    16.0   6.29142    6.35012    6.29931    6.38797    6.36045    6.31512    10.5969    5.07429   5.18371     5.00209    4.83909   5.27134    1.07658e-5   3.09809e-6
   5 │    32.0   4.18824    4.60968    4.46487    4.45148    4.60529    4.3252      6.99939   0.134933  1.23676     0.791186   0.48732   0.834772   1.23378e-5   1.67057e-6
   6 │    64.0   2.00008    2.09286    2.05995    2.02325    2.09366    2.09206     6.67784   0.123479  0.133906    0.165602   0.177123  0.110372   1.61072e-6   5.48684e-7
   7 │   128.0   0.93949    0.95698    0.963758   1.01989    0.929029   0.960579    8.14856   0.273171  0.147355    0.143561   0.230755  0.20388    2.59541e-5   7.59897e-6
   8 │   256.0   0.494942   0.486489   0.486445   0.490624   0.496386   0.495263    7.07047   0.763885  0.0238695   0.337336   0.290478  0.0338871  1.31478e-6   7.05932e-7
06:00:41.42: saved at /global/u2/r/rstrauss/repos/MPAS_Ocean_Julia/output/kelvinwave/resolution512x512/procs1024/steps10/nvlevels100/2022-08-26T05:43:00.196.txt
06:00:44.241: partitioning 512 x 512 x 100 ocean among 512 processes with /global/u2/r/rstrauss/repos/MPAS_Ocean_Julia/scaling_test/graphparts/512x512/graph.info.part.512
06:00:45.11: subsetting ocean
06:00:45.111: cell count 599
06:00:46.444: dt: 9.864770942891944
06:00:46.445: now simulating for 60 steps, communicating every 1 steps, timing 6 samples of 10 steps
06:00:55.677: generating exact sol
06:00:55.68: calculating error
06:00:55.68: num: [-0.00012469782182889677, -0.0001234737486561928, -0.0001222616973288261, -0.00012106154045056242, -0.0001198731622521271, -0.00015927255606874331, -0.00015770909597151295, -0.0001561609818099523, -0.0001546280652683329, -0.00015311019465551702], exact: [-0.00014000138409024534, -0.00013862709218669415, -0.00013726629070860154, -0.000135918847230259, -0.0001345846306258849, -0.0001378428643303864, -0.00013648976104756853, -0.00013514994019690895, -0.0001338232713944183, -0.00013250962553599212]
06:00:55.681: 9×15 DataFrame
 Row │ procs    sim_time1  sim_time2  sim_time3  sim_time4  sim_time5  sim_time6  mpi_time1  mpi_time2  mpi_time3  mpi_time4  mpi_time5  mpi_time6  max_error    l2_error
     │ Float64  Float64    Float64    Float64    Float64    Float64    Float64    Float64    Float64    Float64    Float64    Float64    Float64    Float64      Float64
─────┼──────────────────────────────────────────────────────────────────────────────────────────────────────────────────────────────────────────────────────────────────────
   1 │     2.0  61.8025    61.1045    61.4264    60.2527    60.2615    60.2238      7.37053  2.01028    1.79916     2.10975    2.12489   2.10171    0.000141624  2.92814e-5
   2 │     4.0  31.032     30.8274    30.771     30.9215    30.7456    30.3361      6.45037  0.310953   0.657941    0.245952   0.119706  0.184908   1.17296e-5   2.89212e-6
   3 │     8.0  13.837     14.3525    13.8458    14.0798    14.0044    14.2311     16.0164   8.76769    9.29921     9.00567    9.11316   8.81767    3.54614e-6   5.75981e-7
   4 │    16.0   6.29142    6.35012    6.29931    6.38797    6.36045    6.31512    10.5969   5.07429    5.18371     5.00209    4.83909   5.27134    1.07658e-5   3.09809e-6
   5 │    32.0   4.18824    4.60968    4.46487    4.45148    4.60529    4.3252      6.99939  0.134933   1.23676     0.791186   0.48732   0.834772   1.23378e-5   1.67057e-6
   6 │    64.0   2.00008    2.09286    2.05995    2.02325    2.09366    2.09206     6.67784  0.123479   0.133906    0.165602   0.177123  0.110372   1.61072e-6   5.48684e-7
   7 │   128.0   0.93949    0.95698    0.963758   1.01989    0.929029   0.960579    8.14856  0.273171   0.147355    0.143561   0.230755  0.20388    2.59541e-5   7.59897e-6
   8 │   256.0   0.494942   0.486489   0.486445   0.490624   0.496386   0.495263    7.07047  0.763885   0.0238695   0.337336   0.290478  0.0338871  1.31478e-6   7.05932e-7
   9 │   512.0   0.158354   0.168483   0.169031   0.167517   0.168015   0.167797    7.71543  0.0664497  0.0821898   0.128213   0.179849  0.0538238  2.26734e-5   1.16792e-5
06:00:55.687: saved at /global/u2/r/rstrauss/repos/MPAS_Ocean_Julia/output/kelvinwave/resolution512x512/procs1024/steps10/nvlevels100/2022-08-26T05:43:00.196.txt
06:00:58.884: partitioning 512 x 512 x 100 ocean among 1024 processes with /global/u2/r/rstrauss/repos/MPAS_Ocean_Julia/scaling_test/graphparts/512x512/graph.info.part.1024
06:00:59.691: subsetting ocean
06:00:59.691: cell count 316
06:01:00.926: dt: 9.864770942891944
06:01:00.928: now simulating for 60 steps, communicating every 1 steps, timing 6 samples of 10 steps
06:01:12.089: generating exact sol
06:01:12.091: calculating error
06:01:12.092: num: [-4.857950661924935e-5, -4.8102637017634166e-5, -4.76304491741298e-5, -4.7162893652528714e-5, -4.6699931345761134e-5, -4.6241512067677086e-5, -4.578759210453248e-5, -4.533812915861816e-5, -4.3627038373792114e-5, -4.3198784354192214e-5], exact: [-4.2974148011628384e-5, -4.255230201304653e-5, -4.213459697024281e-5, -4.172099223446198e-5, -4.131144755596806e-5, -4.090592308012753e-5, -4.050437934353082e-5, -4.010677727015204e-5, -3.7964844666512296e-5, -3.759217136057459e-5]
06:01:12.092: 10×15 DataFrame
 Row │ procs    sim_time1   sim_time2   sim_time3   sim_time4   sim_time5   sim_time6   mpi_time1  mpi_time2  mpi_time3  mpi_time4  mpi_time5  mpi_time6  max_error    l2_error
     │ Float64  Float64     Float64     Float64     Float64     Float64     Float64     Float64    Float64    Float64    Float64    Float64    Float64    Float64      Float64
─────┼────────────────────────────────────────────────────────────────────────────────────────────────────────────────────────────────────────────────────────────────────────────
   1 │     2.0  61.8025     61.1045     61.4264     60.2527     60.2615     60.2238       7.37053  2.01028    1.79916     2.10975    2.12489   2.10171    0.000141624  2.92814e-5
   2 │     4.0  31.032      30.8274     30.771      30.9215     30.7456     30.3361       6.45037  0.310953   0.657941    0.245952   0.119706  0.184908   1.17296e-5   2.89212e-6
   3 │     8.0  13.837      14.3525     13.8458     14.0798     14.0044     14.2311      16.0164   8.76769    9.29921     9.00567    9.11316   8.81767    3.54614e-6   5.75981e-7
   4 │    16.0   6.29142     6.35012     6.29931     6.38797     6.36045     6.31512     10.5969   5.07429    5.18371     5.00209    4.83909   5.27134    1.07658e-5   3.09809e-6
   5 │    32.0   4.18824     4.60968     4.46487     4.45148     4.60529     4.3252       6.99939  0.134933   1.23676     0.791186   0.48732   0.834772   1.23378e-5   1.67057e-6
   6 │    64.0   2.00008     2.09286     2.05995     2.02325     2.09366     2.09206      6.67784  0.123479   0.133906    0.165602   0.177123  0.110372   1.61072e-6   5.48684e-7
   7 │   128.0   0.93949     0.95698     0.963758    1.01989     0.929029    0.960579     8.14856  0.273171   0.147355    0.143561   0.230755  0.20388    2.59541e-5   7.59897e-6
   8 │   256.0   0.494942    0.486489    0.486445    0.490624    0.496386    0.495263     7.07047  0.763885   0.0238695   0.337336   0.290478  0.0338871  1.31478e-6   7.05932e-7
   9 │   512.0   0.158354    0.168483    0.169031    0.167517    0.168015    0.167797     7.71543  0.0664497  0.0821898   0.128213   0.179849  0.0538238  2.26734e-5   1.16792e-5
  10 │  1024.0   0.0551193   0.0536082   0.0539117   0.0523046   0.0523619   0.0519459    7.86524  0.981419   0.910447    0.35366    0.566958  0.160085   1.66185e-5   6.17927e-6
06:01:12.099: saved at /global/u2/r/rstrauss/repos/MPAS_Ocean_Julia/output/kelvinwave/resolution512x512/procs1024/steps10/nvlevels100/2022-08-26T05:43:00.196.txt
