16:27:20.182: results to: /global/u2/r/rstrauss/repos/MPAS_Ocean_Julia/output/kelvinwave/resolution256x256/procs1024/steps10/nvlevels100/2022-08-24T16:27:20.125.txt
16:27:58.646: running tests for [2, 4, 8, 16, 32, 64, 128, 256, 512, 1024] counts of processors with 6 samples per test of 10 steps each
16:27:58.647: halos: 1 wide
16:28:02.832: partitioning 256 x 256 x 100 ocean among 2 processes with /global/u2/r/rstrauss/repos/MPAS_Ocean_Julia/scaling_test/graphparts/256x256/graph.info.part.2
16:28:06.92: subsetting ocean
16:28:06.992: cell count 33025
16:28:10.482: dt: 19.729541885784705
16:28:10.931: now simulating for 60 steps, communicating every 1 steps, timing 6 samples of 10 steps
16:29:38.232: generating exact sol
16:29:38.442: calculating error
16:29:38.652: num: [-0.0009876350737353077, -0.0009683403052624416, -0.0009494226253654984, -0.0009308746681972673, -0.0009126889050802267, -0.0008948584306180481, -0.0008773764235625792, -0.0008602356208395275, -0.0008434299389893766, -0.0008269523907195959], exact: [-0.0009848795087563965, -0.0009656387173626499, -0.0009467738176898357, -0.0009282774662465679, -0.0009101424630052893, -0.0008923617485995365, -0.000874928401575957, -0.0008578356357000136, -0.0008410767973143237, -0.0008246453627486075]
16:29:40.513: 1×15 DataFrame
 Row │ procs    sim_time1  sim_time2  sim_time3  sim_time4  sim_time5  sim_time6  mpi_time1  mpi_time2   mpi_time3  mpi_time4  mpi_time5  mpi_time6  max_error    l2_error
     │ Float64  Float64    Float64    Float64    Float64    Float64    Float64    Float64    Float64     Float64    Float64    Float64    Float64    Float64      Float64
─────┼───────────────────────────────────────────────────────────────────────────────────────────────────────────────────────────────────────────────────────────────────────
   1 │     2.0    13.4012     13.951    13.6597    13.3591    13.3921     13.319    4.44073  0.00269816   0.507291   0.150649   0.140657   0.260606  0.000149048  1.89531e-5
16:29:44.965: saved at /global/u2/r/rstrauss/repos/MPAS_Ocean_Julia/output/kelvinwave/resolution256x256/procs1024/steps10/nvlevels100/2022-08-24T16:27:20.125.txt
16:29:44.972: partitioning 256 x 256 x 100 ocean among 4 processes with /global/u2/r/rstrauss/repos/MPAS_Ocean_Julia/scaling_test/graphparts/256x256/graph.info.part.4
16:29:46.281: subsetting ocean
16:29:46.283: cell count 16896
16:29:47.421: dt: 19.729541885784705
16:29:47.451: now simulating for 60 steps, communicating every 1 steps, timing 6 samples of 10 steps
16:30:32.67: generating exact sol
16:30:32.739: calculating error
16:30:32.739: num: [-7.903823896024868e-5, -7.749413040291561e-5, -7.59801930146747e-5, -7.449582926335855e-5, -7.304046397328852e-5, -7.161353230420101e-5, -7.021447712520268e-5, -6.884275330960547e-5, -6.749782788399013e-5, -6.61791774643093e-5], exact: [-7.881772799947546e-5, -7.727793003527384e-5, -7.576821385382261e-5, -7.428799177175392e-5, -7.283668758679271e-5, -7.141373635346006e-5, -7.001858416315815e-5, -6.86506879285518e-5, -6.730951517216216e-5, -6.599454381909068e-5]
16:30:32.74: 2×15 DataFrame
 Row │ procs    sim_time1  sim_time2  sim_time3  sim_time4  sim_time5  sim_time6  mpi_time1  mpi_time2   mpi_time3  mpi_time4  mpi_time5  mpi_time6  max_error    l2_error
     │ Float64  Float64    Float64    Float64    Float64    Float64    Float64    Float64    Float64     Float64    Float64    Float64    Float64    Float64      Float64
─────┼───────────────────────────────────────────────────────────────────────────────────────────────────────────────────────────────────────────────────────────────────────
   1 │     2.0    13.4012   13.951     13.6597    13.3591    13.3921    13.319      4.44073  0.00269816   0.507291   0.150649   0.140657   0.260606  0.000149048  1.89531e-5
   2 │     4.0     4.8592    4.88936    4.94053    4.87859    4.97621    4.88865    8.2024   1.39085      1.35279    1.28767    2.0758     1.29846   1.16958e-5   2.09525e-6
16:30:32.76: saved at /global/u2/r/rstrauss/repos/MPAS_Ocean_Julia/output/kelvinwave/resolution256x256/procs1024/steps10/nvlevels100/2022-08-24T16:27:20.125.txt
16:30:34.969: partitioning 256 x 256 x 100 ocean among 8 processes with /global/u2/r/rstrauss/repos/MPAS_Ocean_Julia/scaling_test/graphparts/256x256/graph.info.part.8
16:30:35.595: subsetting ocean
16:30:35.597: cell count 8549
16:30:36.299: dt: 19.729541885784705
16:30:36.312: now simulating for 60 steps, communicating every 1 steps, timing 6 samples of 10 steps
16:31:00.657: generating exact sol
16:31:00.693: calculating error
16:31:00.693: num: [-3.567200126318072e-5, -3.497510644664935e-5, -3.42918261495494e-5, -3.362189453715605e-5, -3.296505085053789e-5, -3.232103937361259e-5, -3.1689609466573774e-5, -3.107051532647731e-5, -3.0463515974815794e-5, -2.9868375026075437e-5], exact: [-3.528830996162348e-5, -3.459891089851695e-5, -3.392298006522163e-5, -3.326025434386581e-5, -3.2610475756898e-5, -3.197339136666473e-5, -3.134875317695011e-5, -3.073631803643897e-5, -3.0135847544066042e-5, -2.954710795621403e-5]
16:31:00.694: 3×15 DataFrame
 Row │ procs    sim_time1  sim_time2  sim_time3  sim_time4  sim_time5  sim_time6  mpi_time1  mpi_time2   mpi_time3  mpi_time4  mpi_time5  mpi_time6  max_error    l2_error
     │ Float64  Float64    Float64    Float64    Float64    Float64    Float64    Float64    Float64     Float64    Float64    Float64    Float64    Float64      Float64
─────┼───────────────────────────────────────────────────────────────────────────────────────────────────────────────────────────────────────────────────────────────────────
   1 │     2.0   13.4012    13.951     13.6597    13.3591    13.3921    13.319      4.44073  0.00269816   0.507291   0.150649   0.140657   0.260606  0.000149048  1.89531e-5
   2 │     4.0    4.8592     4.88936    4.94053    4.87859    4.97621    4.88865    8.2024   1.39085      1.35279    1.28767    2.0758     1.29846   1.16958e-5   2.09525e-6
   3 │     8.0    2.31934    2.34635    2.34624    2.3451     2.42763    2.33992    6.36493  0.481545     0.601047   0.746949   1.35454    0.58861   1.09657e-5   2.01014e-6
16:31:00.699: saved at /global/u2/r/rstrauss/repos/MPAS_Ocean_Julia/output/kelvinwave/resolution256x256/procs1024/steps10/nvlevels100/2022-08-24T16:27:20.125.txt
16:31:02.955: partitioning 256 x 256 x 100 ocean among 16 processes with /global/u2/r/rstrauss/repos/MPAS_Ocean_Julia/scaling_test/graphparts/256x256/graph.info.part.16
16:31:03.457: subsetting ocean
16:31:03.458: cell count 4352
16:31:03.899: dt: 19.729541885784705
16:31:03.905: now simulating for 60 steps, communicating every 1 steps, timing 6 samples of 10 steps
16:31:23.186: generating exact sol
16:31:23.205: calculating error
16:31:23.205: num: [-5.249535203205364e-5, -5.1469791273293305e-5, -5.0464267267888156e-5, -0.0001067352726509702, -0.00010465008338542938, -0.00010260561328325824, -0.00010060109112413059, -9.863572535347179e-5, -9.670876106032435e-5, -9.481944145509255e-5], exact: [-6.504173050139116e-5, -6.377106301634442e-5, -6.252521953036886e-5, -0.00011142617756209922, -0.0001092493347917769, -0.00010711501923140098, -0.0001050224000613962, -0.00010297066269323479, -0.00010095900845234384, -9.898665426720716e-5]
16:31:23.206: 4×15 DataFrame
 Row │ procs    sim_time1  sim_time2  sim_time3  sim_time4  sim_time5  sim_time6  mpi_time1  mpi_time2   mpi_time3  mpi_time4  mpi_time5  mpi_time6  max_error    l2_error
     │ Float64  Float64    Float64    Float64    Float64    Float64    Float64    Float64    Float64     Float64    Float64    Float64    Float64    Float64      Float64
─────┼───────────────────────────────────────────────────────────────────────────────────────────────────────────────────────────────────────────────────────────────────────
   1 │     2.0   13.4012    13.951     13.6597    13.3591    13.3921    13.319      4.44073  0.00269816   0.507291   0.150649   0.140657   0.260606  0.000149048  1.89531e-5
   2 │     4.0    4.8592     4.88936    4.94053    4.87859    4.97621    4.88865    8.2024   1.39085      1.35279    1.28767    2.0758     1.29846   1.16958e-5   2.09525e-6
   3 │     8.0    2.31934    2.34635    2.34624    2.3451     2.42763    2.33992    6.36493  0.481545     0.601047   0.746949   1.35454    0.58861   1.09657e-5   2.01014e-6
   4 │    16.0    1.24993    1.26433    1.26266    1.35922    1.23092    1.25845    7.85286  0.849837     0.724334   0.715412   0.73404    0.732412  4.03542e-5   1.0252e-5
16:31:23.212: saved at /global/u2/r/rstrauss/repos/MPAS_Ocean_Julia/output/kelvinwave/resolution256x256/procs1024/steps10/nvlevels100/2022-08-24T16:27:20.125.txt
16:31:25.864: partitioning 256 x 256 x 100 ocean among 32 processes with /global/u2/r/rstrauss/repos/MPAS_Ocean_Julia/scaling_test/graphparts/256x256/graph.info.part.32
16:31:26.374: subsetting ocean
16:31:26.374: cell count 2247
16:31:26.677: dt: 19.729541885784705
16:31:26.68: now simulating for 60 steps, communicating every 1 steps, timing 6 samples of 10 steps
16:31:39.259: generating exact sol
16:31:39.269: calculating error
16:31:39.27: num: [-1.7049826209300413e-5, -1.6716737454021345e-5, -2.1168818632833093e-5, -2.0755261149136272e-5, -2.034978243863326e-5, -2.9945106197107456e-5, -2.9360093200693026e-5, -2.8786508944281086e-5, -2.8224130480255113e-5, -2.7672738749510843e-5], exact: [-2.1124746731306604e-5, -2.0712049704422538e-5, -2.2099165604226654e-5, -2.166743214689877e-5, -2.1244133115626342e-5, -2.697581255036999e-5, -2.6448808000733397e-5, -2.5932099111137393e-5, -2.5425484743630254e-5, -2.492876768972911e-5]
16:31:39.27: 5×15 DataFrame
 Row │ procs    sim_time1  sim_time2  sim_time3  sim_time4  sim_time5  sim_time6  mpi_time1  mpi_time2   mpi_time3  mpi_time4  mpi_time5  mpi_time6  max_error    l2_error
     │ Float64  Float64    Float64    Float64    Float64    Float64    Float64    Float64    Float64     Float64    Float64    Float64    Float64    Float64      Float64
─────┼───────────────────────────────────────────────────────────────────────────────────────────────────────────────────────────────────────────────────────────────────────
   1 │     2.0  13.4012    13.951     13.6597     13.3591   13.3921    13.319       4.44073  0.00269816   0.507291   0.150649   0.140657   0.260606  0.000149048  1.89531e-5
   2 │     4.0   4.8592     4.88936    4.94053     4.87859   4.97621    4.88865     8.2024   1.39085      1.35279    1.28767    2.0758     1.29846   1.16958e-5   2.09525e-6
   3 │     8.0   2.31934    2.34635    2.34624     2.3451    2.42763    2.33992     6.36493  0.481545     0.601047   0.746949   1.35454    0.58861   1.09657e-5   2.01014e-6
   4 │    16.0   1.24993    1.26433    1.26266     1.35922   1.23092    1.25845     7.85286  0.849837     0.724334   0.715412   0.73404    0.732412  4.03542e-5   1.0252e-5
   5 │    32.0   0.609237   0.611747   0.612929    0.61486   0.617193   0.614522    7.16792  0.298301     0.298168   0.325752   0.439102   0.344898  6.57033e-6   2.24232e-6
16:31:39.277: saved at /global/u2/r/rstrauss/repos/MPAS_Ocean_Julia/output/kelvinwave/resolution256x256/procs1024/steps10/nvlevels100/2022-08-24T16:27:20.125.txt
16:31:41.614: partitioning 256 x 256 x 100 ocean among 64 processes with /global/u2/r/rstrauss/repos/MPAS_Ocean_Julia/scaling_test/graphparts/256x256/graph.info.part.64
16:31:42.075: subsetting ocean
16:31:42.076: cell count 1180
16:31:42.381: dt: 19.729541885784705
16:31:42.383: now simulating for 60 steps, communicating every 1 steps, timing 6 samples of 10 steps
16:31:53.416: generating exact sol
16:31:53.422: calculating error
16:31:53.423: num: [-8.840129996196067e-6, -8.667427542997194e-6, -8.498099065376286e-6, -7.5378288220210765e-6, -7.390568368929716e-6, -7.246184835228864e-6, -7.10462200424272e-6, -6.190498586985388e-6, -6.069559833490512e-6, -5.9509837636821215e-6], exact: [-7.347739103355946e-6, -7.204192289713879e-6, -7.063449833632269e-6, -6.0102823485853444e-6, -5.892864341754568e-6, -5.777740235198105e-6, -5.664865214848584e-6, -4.630962634297302e-6, -4.5404912769317075e-6, -4.45178738502631e-6]
16:31:53.423: 6×15 DataFrame
 Row │ procs    sim_time1  sim_time2  sim_time3  sim_time4  sim_time5  sim_time6  mpi_time1  mpi_time2   mpi_time3  mpi_time4  mpi_time5  mpi_time6  max_error    l2_error
     │ Float64  Float64    Float64    Float64    Float64    Float64    Float64    Float64    Float64     Float64    Float64    Float64    Float64    Float64      Float64
─────┼───────────────────────────────────────────────────────────────────────────────────────────────────────────────────────────────────────────────────────────────────────
   1 │     2.0  13.4012    13.951     13.6597    13.3591    13.3921    13.319       4.44073  0.00269816   0.507291   0.150649  0.140657   0.260606   0.000149048  1.89531e-5
   2 │     4.0   4.8592     4.88936    4.94053    4.87859    4.97621    4.88865     8.2024   1.39085      1.35279    1.28767   2.0758     1.29846    1.16958e-5   2.09525e-6
   3 │     8.0   2.31934    2.34635    2.34624    2.3451     2.42763    2.33992     6.36493  0.481545     0.601047   0.746949  1.35454    0.58861    1.09657e-5   2.01014e-6
   4 │    16.0   1.24993    1.26433    1.26266    1.35922    1.23092    1.25845     7.85286  0.849837     0.724334   0.715412  0.73404    0.732412   4.03542e-5   1.0252e-5
   5 │    32.0   0.609237   0.611747   0.612929   0.61486    0.617193   0.614522    7.16792  0.298301     0.298168   0.325752  0.439102   0.344898   6.57033e-6   2.24232e-6
   6 │    64.0   0.41296    0.448801   0.449849   0.440872   0.533169   0.441152    6.98032  0.0491135    0.079799   1.07796   0.0605783  0.0459901  8.87311e-6   3.82101e-6
16:31:53.43: saved at /global/u2/r/rstrauss/repos/MPAS_Ocean_Julia/output/kelvinwave/resolution256x256/procs1024/steps10/nvlevels100/2022-08-24T16:27:20.125.txt
16:31:56.039: partitioning 256 x 256 x 100 ocean among 128 processes with /global/u2/r/rstrauss/repos/MPAS_Ocean_Julia/scaling_test/graphparts/256x256/graph.info.part.128
16:31:56.585: subsetting ocean
16:31:56.586: cell count 580
16:31:56.893: dt: 19.729541885784705
16:31:56.894: now simulating for 60 steps, communicating every 1 steps, timing 6 samples of 10 steps
16:32:05.742: generating exact sol
16:32:05.745: calculating error
16:32:05.746: num: [-0.0009876349062993962, -0.0009683403395777219, -0.0009494227245153884, -0.0009308744536312673, -0.000912688830693587, -0.0008948584529740748, -0.0008773763914943064, -0.000860235624977484, -0.0008434298561505366, -0.0008269525387525725], exact: [-0.0009848795087563965, -0.0009656387173626499, -0.0009467738176898357, -0.0009282774662465679, -0.0009101424630052893, -0.0008923617485995365, -0.000874928401575957, -0.0008578356357000136, -0.0008410767973143237, -0.0008246453627486075]
16:32:05.747: 7×15 DataFrame
 Row │ procs    sim_time1  sim_time2  sim_time3  sim_time4  sim_time5  sim_time6  mpi_time1  mpi_time2   mpi_time3  mpi_time4  mpi_time5  mpi_time6  max_error    l2_error
     │ Float64  Float64    Float64    Float64    Float64    Float64    Float64    Float64    Float64     Float64    Float64    Float64    Float64    Float64      Float64
─────┼───────────────────────────────────────────────────────────────────────────────────────────────────────────────────────────────────────────────────────────────────────
   1 │     2.0  13.4012    13.951     13.6597    13.3591    13.3921    13.319       4.44073  0.00269816  0.507291    0.150649  0.140657   0.260606   0.000149048  1.89531e-5
   2 │     4.0   4.8592     4.88936    4.94053    4.87859    4.97621    4.88865     8.2024   1.39085     1.35279     1.28767   2.0758     1.29846    1.16958e-5   2.09525e-6
   3 │     8.0   2.31934    2.34635    2.34624    2.3451     2.42763    2.33992     6.36493  0.481545    0.601047    0.746949  1.35454    0.58861    1.09657e-5   2.01014e-6
   4 │    16.0   1.24993    1.26433    1.26266    1.35922    1.23092    1.25845     7.85286  0.849837    0.724334    0.715412  0.73404    0.732412   4.03542e-5   1.0252e-5
   5 │    32.0   0.609237   0.611747   0.612929   0.61486    0.617193   0.614522    7.16792  0.298301    0.298168    0.325752  0.439102   0.344898   6.57033e-6   2.24232e-6
   6 │    64.0   0.41296    0.448801   0.449849   0.440872   0.533169   0.441152    6.98032  0.0491135   0.079799    1.07796   0.0605783  0.0459901  8.87311e-6   3.82101e-6
   7 │   128.0   0.163033   0.159523   0.160043   0.163365   0.162048   0.162851    7.42942  0.0528145   0.0520964   0.128577  0.137597   0.0682986  0.000149048  5.44391e-5
16:32:05.753: saved at /global/u2/r/rstrauss/repos/MPAS_Ocean_Julia/output/kelvinwave/resolution256x256/procs1024/steps10/nvlevels100/2022-08-24T16:27:20.125.txt
16:32:08.527: partitioning 256 x 256 x 100 ocean among 256 processes with /global/u2/r/rstrauss/repos/MPAS_Ocean_Julia/scaling_test/graphparts/256x256/graph.info.part.256
16:32:09.082: subsetting ocean
16:32:09.083: cell count 326
16:32:09.382: dt: 19.729541885784705
16:32:09.384: now simulating for 60 steps, communicating every 1 steps, timing 6 samples of 10 steps
16:32:17.601: generating exact sol
16:32:17.603: calculating error
16:32:17.604: num: [0.0003777144353766546, 0.00037033525459477805, 0.0004047452735136889, 0.00039683808663922503, 0.00038908540495927575, 0.00038148415976349786, 0.00037403142187870903, 0.00036672421346376855, 0.00035955988764514626, 0.00035253539644960195], exact: [0.0004055457332832944, 0.0003976229155321354, 0.0004316403935522794, 0.00042320778560824674, 0.00041493991867965196, 0.00040683357435502025, 0.00039888559709836936, 0.00039109289302086163, 0.0003834524286764536, 0.0003759612298810748]
16:32:17.605: 8×15 DataFrame
 Row │ procs    sim_time1   sim_time2   sim_time3   sim_time4   sim_time5   sim_time6  mpi_time1  mpi_time2   mpi_time3  mpi_time4  mpi_time5  mpi_time6   max_error    l2_error
     │ Float64  Float64     Float64     Float64     Float64     Float64     Float64    Float64    Float64     Float64    Float64    Float64    Float64     Float64      Float64
─────┼─────────────────────────────────────────────────────────────────────────────────────────────────────────────────────────────────────────────────────────────────────────────
   1 │     2.0  13.4012     13.951      13.6597     13.3591     13.3921     13.319       4.44073  0.00269816  0.507291    0.150649  0.140657   0.260606    0.000149048  1.89531e-5
   2 │     4.0   4.8592      4.88936     4.94053     4.87859     4.97621     4.88865     8.2024   1.39085     1.35279     1.28767   2.0758     1.29846     1.16958e-5   2.09525e-6
   3 │     8.0   2.31934     2.34635     2.34624     2.3451      2.42763     2.33992     6.36493  0.481545    0.601047    0.746949  1.35454    0.58861     1.09657e-5   2.01014e-6
   4 │    16.0   1.24993     1.26433     1.26266     1.35922     1.23092     1.25845     7.85286  0.849837    0.724334    0.715412  0.73404    0.732412    4.03542e-5   1.0252e-5
   5 │    32.0   0.609237    0.611747    0.612929    0.61486     0.617193    0.614522    7.16792  0.298301    0.298168    0.325752  0.439102   0.344898    6.57033e-6   2.24232e-6
   6 │    64.0   0.41296     0.448801    0.449849    0.440872    0.533169    0.441152    6.98032  0.0491135   0.079799    1.07796   0.0605783  0.0459901   8.87311e-6   3.82101e-6
   7 │   128.0   0.163033    0.159523    0.160043    0.163365    0.162048    0.162851    7.42942  0.0528145   0.0520964   0.128577  0.137597   0.0682986   0.000149048  5.44391e-5
   8 │   256.0   0.0840349   0.0837961   0.0834538   0.0854606   0.0844952   0.083997    7.32766  0.00589748  0.203124    0.122621  0.0421325  0.00570613  0.000104036  3.64037e-5
16:32:17.612: saved at /global/u2/r/rstrauss/repos/MPAS_Ocean_Julia/output/kelvinwave/resolution256x256/procs1024/steps10/nvlevels100/2022-08-24T16:27:20.125.txt
16:32:20.335: partitioning 256 x 256 x 100 ocean among 512 processes with /global/u2/r/rstrauss/repos/MPAS_Ocean_Julia/scaling_test/graphparts/256x256/graph.info.part.512
16:32:20.957: subsetting ocean
16:32:20.957: cell count 170
16:32:21.256: dt: 19.729541885784705
16:32:21.259: now simulating for 60 steps, communicating every 1 steps, timing 6 samples of 10 steps
16:32:29.457: generating exact sol
16:32:29.459: calculating error
16:32:29.459: num: [1.90959346811502e-5, 1.87228730282893e-5, 1.8357099262945378e-5, 1.7998471713369615e-5, 1.7646850066767818e-5, 1.7302097974795026e-5, 1.831766198254343e-5, 1.795980489082222e-5, 1.7608938946472227e-5, 1.7264927543316923e-5], exact: [2.2047828340227093e-5, 2.1617097817348097e-5, 2.1194782127008467e-5, 2.0780716875456418e-5, 2.0374740880567415e-5, 1.9976696109101252e-5, 2.5948037687195625e-5, 2.544111194066768e-5, 2.494408959090487e-5, 2.4456777163284604e-5]
16:32:29.46: 9×15 DataFrame
 Row │ procs    sim_time1   sim_time2   sim_time3   sim_time4   sim_time5   sim_time6   mpi_time1  mpi_time2   mpi_time3  mpi_time4  mpi_time5  mpi_time6   max_error    l2_error
     │ Float64  Float64     Float64     Float64     Float64     Float64     Float64     Float64    Float64     Float64    Float64    Float64    Float64     Float64      Float64
─────┼──────────────────────────────────────────────────────────────────────────────────────────────────────────────────────────────────────────────────────────────────────────────
   1 │     2.0  13.4012     13.951      13.6597     13.3591     13.3921     13.319        4.44073  0.00269816  0.507291   0.150649   0.140657   0.260606    0.000149048  1.89531e-5
   2 │     4.0   4.8592      4.88936     4.94053     4.87859     4.97621     4.88865      8.2024   1.39085     1.35279    1.28767    2.0758     1.29846     1.16958e-5   2.09525e-6
   3 │     8.0   2.31934     2.34635     2.34624     2.3451      2.42763     2.33992      6.36493  0.481545    0.601047   0.746949   1.35454    0.58861     1.09657e-5   2.01014e-6
   4 │    16.0   1.24993     1.26433     1.26266     1.35922     1.23092     1.25845      7.85286  0.849837    0.724334   0.715412   0.73404    0.732412    4.03542e-5   1.0252e-5
   5 │    32.0   0.609237    0.611747    0.612929    0.61486     0.617193    0.614522     7.16792  0.298301    0.298168   0.325752   0.439102   0.344898    6.57033e-6   2.24232e-6
   6 │    64.0   0.41296     0.448801    0.449849    0.440872    0.533169    0.441152     6.98032  0.0491135   0.079799   1.07796    0.0605783  0.0459901   8.87311e-6   3.82101e-6
   7 │   128.0   0.163033    0.159523    0.160043    0.163365    0.162048    0.162851     7.42942  0.0528145   0.0520964  0.128577   0.137597   0.0682986   0.000149048  5.44391e-5
   8 │   256.0   0.0840349   0.0837961   0.0834538   0.0854606   0.0844952   0.083997     7.32766  0.00589748  0.203124   0.122621   0.0421325  0.00570613  0.000104036  3.64037e-5
   9 │   512.0   0.038098    0.035031    0.0360508   0.0356333   0.0350497   0.0354787    7.76428  0.0226475   0.0816162  0.0165923  0.0422952  0.05169     9.74891e-6   5.85619e-6
16:32:29.468: saved at /global/u2/r/rstrauss/repos/MPAS_Ocean_Julia/output/kelvinwave/resolution256x256/procs1024/steps10/nvlevels100/2022-08-24T16:27:20.125.txt
16:32:32.531: partitioning 256 x 256 x 100 ocean among 1024 processes with /global/u2/r/rstrauss/repos/MPAS_Ocean_Julia/scaling_test/graphparts/256x256/graph.info.part.1024
16:32:33.174: subsetting ocean
16:32:33.174: cell count 97
16:32:33.513: dt: 19.729541885784705
16:32:33.514: now simulating for 60 steps, communicating every 1 steps, timing 6 samples of 10 steps
16:32:41.506: generating exact sol
16:32:41.508: calculating error
16:32:41.508: num: [6.030888685710068e-6, 5.9130677780861695e-6, 5.797549138199471e-6, 5.684287218378941e-6, 5.5732377756695005e-6, 5.464358103567385e-6, 8.413395248174952e-6, 8.249029366944923e-6, 8.087874663753147e-6, 7.929868616331609e-6], exact: [8.835305326131888e-6, 8.662697138867626e-6, 8.493461057626964e-6, 8.32753120431215e-6, 8.164842987832344e-6, 8.0053330789604e-6, 1.1218769573812308e-5, 1.0999597580543e-5, 1.0784707372572657e-5, 1.057401530013804e-5]
16:32:41.509: 10×15 DataFrame
 Row │ procs    sim_time1   sim_time2   sim_time3   sim_time4   sim_time5   sim_time6   mpi_time1  mpi_time2   mpi_time3  mpi_time4  mpi_time5  mpi_time6   max_error    l2_error
     │ Float64  Float64     Float64     Float64     Float64     Float64     Float64     Float64    Float64     Float64    Float64    Float64    Float64     Float64      Float64
─────┼──────────────────────────────────────────────────────────────────────────────────────────────────────────────────────────────────────────────────────────────────────────────
   1 │     2.0  13.4012     13.951      13.6597     13.3591     13.3921     13.319        4.44073  0.00269816  0.507291   0.150649   0.140657   0.260606    0.000149048  1.89531e-5
   2 │     4.0   4.8592      4.88936     4.94053     4.87859     4.97621     4.88865      8.2024   1.39085     1.35279    1.28767    2.0758     1.29846     1.16958e-5   2.09525e-6
   3 │     8.0   2.31934     2.34635     2.34624     2.3451      2.42763     2.33992      6.36493  0.481545    0.601047   0.746949   1.35454    0.58861     1.09657e-5   2.01014e-6
   4 │    16.0   1.24993     1.26433     1.26266     1.35922     1.23092     1.25845      7.85286  0.849837    0.724334   0.715412   0.73404    0.732412    4.03542e-5   1.0252e-5
   5 │    32.0   0.609237    0.611747    0.612929    0.61486     0.617193    0.614522     7.16792  0.298301    0.298168   0.325752   0.439102   0.344898    6.57033e-6   2.24232e-6
   6 │    64.0   0.41296     0.448801    0.449849    0.440872    0.533169    0.441152     6.98032  0.0491135   0.079799   1.07796    0.0605783  0.0459901   8.87311e-6   3.82101e-6
   7 │   128.0   0.163033    0.159523    0.160043    0.163365    0.162048    0.162851     7.42942  0.0528145   0.0520964  0.128577   0.137597   0.0682986   0.000149048  5.44391e-5
   8 │   256.0   0.0840349   0.0837961   0.0834538   0.0854606   0.0844952   0.083997     7.32766  0.00589748  0.203124   0.122621   0.0421325  0.00570613  0.000104036  3.64037e-5
   9 │   512.0   0.038098    0.035031    0.0360508   0.0356333   0.0350497   0.0354787    7.76428  0.0226475   0.0816162  0.0165923  0.0422952  0.05169     9.74891e-6   5.85619e-6
  10 │  1024.0   0.0207077   0.0197612   0.0197609   0.0197903   0.0197405   0.0206544    7.75943  0.0151409   0.0129271  0.0118522  0.0135522  0.0576351   6.90735e-6   3.17726e-6
16:32:41.517: saved at /global/u2/r/rstrauss/repos/MPAS_Ocean_Julia/output/kelvinwave/resolution256x256/procs1024/steps10/nvlevels100/2022-08-24T16:27:20.125.txt
