05:54:59.032: results to: /global/u2/r/rstrauss/repos/MPAS_Ocean_Julia/output/kelvinwave/resolution512x512/procs4096/steps10/nvlevels100/2022-08-26T05:54:58.902.txt
05:55:49.29: running tests for [256, 512, 1024, 2048, 4096] counts of processors with 6 samples per test of 10 steps each
05:55:49.291: halos: 1 wide
05:55:53.945: partitioning 512 x 512 x 100 ocean among 256 processes with /global/u2/r/rstrauss/repos/MPAS_Ocean_Julia/scaling_test/graphparts/512x512/graph.info.part.256
05:55:54.649: subsetting ocean
05:55:54.724: cell count 1169
05:55:56.792: dt: 9.864770942891944
05:55:57.252: now simulating for 60 steps, communicating every 1 steps, timing 6 samples of 10 steps
05:56:06.408: generating exact sol
05:56:06.488: calculating error
05:56:06.71: num: [-1.017700053658488e-6, -1.007710031606621e-6, -7.487553734642526e-7, -7.414053857269848e-7, -7.341275477253307e-7, -5.838784191085749e-7, -5.781469088503537e-7, -5.724716606197426e-7, -5.668521220862303e-7, -5.612877464007656e-7], exact: [-7.25644877337537e-7, -7.185217486180696e-7, -5.000847132709735e-7, -4.951757448560969e-7, -4.903149642187285e-7, -2.773926860825792e-7, -2.7466972355570953e-7, -2.71973490374258e-7, -2.6930372415565445e-7, -2.666601650929473e-7]
05:56:08.844: 1×15 DataFrame
 Row │ procs    sim_time1  sim_time2  sim_time3  sim_time4  sim_time5  sim_time6  mpi_time1  mpi_time2  mpi_time3  mpi_time4  mpi_time5  mpi_time6  max_error   l2_error
     │ Float64  Float64    Float64    Float64    Float64    Float64    Float64    Float64    Float64    Float64    Float64    Float64    Float64    Float64     Float64
─────┼─────────────────────────────────────────────────────────────────────────────────────────────────────────────────────────────────────────────────────────────────────
   1 │   256.0   0.472652   0.451029   0.416395   0.477498   0.452044   0.450929    5.42483  0.0663007   0.325665   0.058085  0.0645636  0.0667518  1.31478e-6  7.05932e-7
05:56:13.386: saved at /global/u2/r/rstrauss/repos/MPAS_Ocean_Julia/output/kelvinwave/resolution512x512/procs4096/steps10/nvlevels100/2022-08-26T05:54:58.902.txt
05:56:13.396: partitioning 512 x 512 x 100 ocean among 512 processes with /global/u2/r/rstrauss/repos/MPAS_Ocean_Julia/scaling_test/graphparts/512x512/graph.info.part.512
05:56:14.134: subsetting ocean
05:56:14.135: cell count 599
05:56:15.382: dt: 9.864770942891944
05:56:15.386: now simulating for 60 steps, communicating every 1 steps, timing 6 samples of 10 steps
05:56:25.872: generating exact sol
05:56:25.875: calculating error
05:56:25.875: num: [-0.00012469782182889677, -0.0001234737486561928, -0.0001222616973288261, -0.00012106154045056242, -0.0001198731622521271, -0.00015927255606874331, -0.00015770909597151295, -0.0001561609818099523, -0.0001546280652683329, -0.00015311019465551702], exact: [-0.00014000138409024534, -0.00013862709218669415, -0.00013726629070860154, -0.000135918847230259, -0.0001345846306258849, -0.0001378428643303864, -0.00013648976104756853, -0.00013514994019690895, -0.0001338232713944183, -0.00013250962553599212]
05:56:25.876: 2×15 DataFrame
 Row │ procs    sim_time1  sim_time2  sim_time3  sim_time4  sim_time5  sim_time6  mpi_time1  mpi_time2  mpi_time3  mpi_time4  mpi_time5  mpi_time6  max_error   l2_error
     │ Float64  Float64    Float64    Float64    Float64    Float64    Float64    Float64    Float64    Float64    Float64    Float64    Float64    Float64     Float64
─────┼─────────────────────────────────────────────────────────────────────────────────────────────────────────────────────────────────────────────────────────────────────
   1 │   256.0   0.472652   0.451029   0.416395   0.477498   0.452044   0.450929    5.42483  0.0663007   0.325665   0.058085  0.0645636  0.0667518  1.31478e-6  7.05932e-7
   2 │   512.0   0.169304   0.169631   0.170131   0.170604   0.170279   0.170611    7.4324   0.195761    1.22273    0.505651  0.0497602  0.0520806  2.26734e-5  1.16792e-5
05:56:25.881: saved at /global/u2/r/rstrauss/repos/MPAS_Ocean_Julia/output/kelvinwave/resolution512x512/procs4096/steps10/nvlevels100/2022-08-26T05:54:58.902.txt
05:56:28.793: partitioning 512 x 512 x 100 ocean among 1024 processes with /global/u2/r/rstrauss/repos/MPAS_Ocean_Julia/scaling_test/graphparts/512x512/graph.info.part.1024
05:56:29.604: subsetting ocean
05:56:29.605: cell count 316
05:56:30.775: dt: 9.864770942891944
05:56:30.777: now simulating for 60 steps, communicating every 1 steps, timing 6 samples of 10 steps
05:56:39.69: generating exact sol
05:56:39.692: calculating error
05:56:39.692: num: [-4.857950661924935e-5, -4.8102637017634166e-5, -4.76304491741298e-5, -4.7162893652528714e-5, -4.6699931345761134e-5, -4.6241512067677086e-5, -4.578759210453248e-5, -4.533812915861816e-5, -4.3627038373792114e-5, -4.3198784354192214e-5], exact: [-4.2974148011628384e-5, -4.255230201304653e-5, -4.213459697024281e-5, -4.172099223446198e-5, -4.131144755596806e-5, -4.090592308012753e-5, -4.050437934353082e-5, -4.010677727015204e-5, -3.7964844666512296e-5, -3.759217136057459e-5]
05:56:39.693: 3×15 DataFrame
 Row │ procs    sim_time1  sim_time2  sim_time3  sim_time4  sim_time5  sim_time6  mpi_time1  mpi_time2  mpi_time3  mpi_time4  mpi_time5  mpi_time6  max_error   l2_error
     │ Float64  Float64    Float64    Float64    Float64    Float64    Float64    Float64    Float64    Float64    Float64    Float64    Float64    Float64     Float64
─────┼─────────────────────────────────────────────────────────────────────────────────────────────────────────────────────────────────────────────────────────────────────
   1 │   256.0  0.472652   0.451029   0.416395   0.477498   0.452044   0.450929     5.42483  0.0663007   0.325665   0.058085  0.0645636  0.0667518  1.31478e-6  7.05932e-7
   2 │   512.0  0.169304   0.169631   0.170131   0.170604   0.170279   0.170611     7.4324   0.195761    1.22273    0.505651  0.0497602  0.0520806  2.26734e-5  1.16792e-5
   3 │  1024.0  0.0444905  0.0414506  0.0405458  0.0437124  0.0422196  0.0428602    7.52596  0.0520215   0.174911   0.303405  0.291426   0.305498   1.66185e-5  6.17927e-6
05:56:39.903: saved at /global/u2/r/rstrauss/repos/MPAS_Ocean_Julia/output/kelvinwave/resolution512x512/procs4096/steps10/nvlevels100/2022-08-26T05:54:58.902.txt
05:56:42.537: partitioning 512 x 512 x 100 ocean among 2048 processes with /global/u2/r/rstrauss/repos/MPAS_Ocean_Julia/scaling_test/graphparts/512x512/graph.info.part.2048
05:56:43.375: subsetting ocean
05:56:43.376: cell count 170
05:56:44.568: dt: 9.864770942891944
05:56:44.57: now simulating for 60 steps, communicating every 1 steps, timing 6 samples of 10 steps
05:56:52.354: generating exact sol
05:56:52.355: calculating error
05:56:52.356: num: [0.000528716336944218, 0.0005235262661242866, 0.0005183873300194379, 0.0007003918115666392, 0.0006935164607992922, 0.0006867085872738354, 0.0006799677027955008, 0.0006732929501818863, 0.0006178423297866993, 0.0006117774070135056], exact: [0.0006126323707843456, 0.000606618603759874, 0.0006006638695184373, 0.000614800275345544, 0.0006087652275765606, 0.0006027894214882246, 0.0005968722755479846, 0.0005910132139317722, 0.0006166024766766654, 0.0006105497380061668]
05:56:52.356: 4×15 DataFrame
 Row │ procs    sim_time1  sim_time2  sim_time3  sim_time4  sim_time5  sim_time6  mpi_time1  mpi_time2  mpi_time3  mpi_time4  mpi_time5  mpi_time6  max_error   l2_error
     │ Float64  Float64    Float64    Float64    Float64    Float64    Float64    Float64    Float64    Float64    Float64    Float64    Float64    Float64     Float64
─────┼─────────────────────────────────────────────────────────────────────────────────────────────────────────────────────────────────────────────────────────────────────
   1 │   256.0  0.472652   0.451029   0.416395   0.477498   0.452044   0.450929     5.42483  0.0663007  0.325665   0.058085   0.0645636  0.0667518  1.31478e-6  7.05932e-7
   2 │   512.0  0.169304   0.169631   0.170131   0.170604   0.170279   0.170611     7.4324   0.195761   1.22273    0.505651   0.0497602  0.0520806  2.26734e-5  1.16792e-5
   3 │  1024.0  0.0444905  0.0414506  0.0405458  0.0437124  0.0422196  0.0428602    7.52596  0.0520215  0.174911   0.303405   0.291426   0.305498   1.66185e-5  6.17927e-6
   4 │  2048.0  0.0339872  0.0339013  0.0331838  0.0475627  0.0330831  0.0330462    7.40152  0.0841236  0.0242824  0.0175734  0.0209446  0.0179464  8.96799e-5  7.53569e-5
05:56:52.362: saved at /global/u2/r/rstrauss/repos/MPAS_Ocean_Julia/output/kelvinwave/resolution512x512/procs4096/steps10/nvlevels100/2022-08-26T05:54:58.902.txt
05:56:55.132: partitioning 512 x 512 x 100 ocean among 4096 processes with /global/u2/r/rstrauss/repos/MPAS_Ocean_Julia/scaling_test/graphparts/512x512/graph.info.part.4096
05:56:56.058: subsetting ocean
05:56:56.058: cell count 100
05:56:57.314: dt: 9.864770942891944
05:56:57.315: now simulating for 60 steps, communicating every 1 steps, timing 6 samples of 10 steps
05:57:05.329: generating exact sol
05:57:05.331: calculating error
05:57:05.331: num: [-0.0002898094310618057, -0.0002869645952886008, -0.000284147675275366, -0.0002204196426646634, -0.00021825595846447618, -0.00021611347638523422, -0.00021399204672050123, -0.00027642177079381625, -0.00027370836683487807, -0.0002710215636678133], exact: [-0.00024950272711743595, -0.00024705354006103935, -0.0002446283948951124, -0.00024359033242805697, -0.0002411991830561091, -0.00023883150586083584, -0.00023648707043292668, -0.00023746591398551625, -0.0002351348835812074, -0.00023282673520933267]
05:57:05.331: 5×15 DataFrame
 Row │ procs    sim_time1  sim_time2  sim_time3  sim_time4  sim_time5  sim_time6  mpi_time1  mpi_time2  mpi_time3  mpi_time4  mpi_time5  mpi_time6  max_error   l2_error
     │ Float64  Float64    Float64    Float64    Float64    Float64    Float64    Float64    Float64    Float64    Float64    Float64    Float64    Float64     Float64
─────┼─────────────────────────────────────────────────────────────────────────────────────────────────────────────────────────────────────────────────────────────────────
   1 │   256.0  0.472652   0.451029   0.416395   0.477498   0.452044   0.450929     5.42483  0.0663007  0.325665   0.058085   0.0645636  0.0667518  1.31478e-6  7.05932e-7
   2 │   512.0  0.169304   0.169631   0.170131   0.170604   0.170279   0.170611     7.4324   0.195761   1.22273    0.505651   0.0497602  0.0520806  2.26734e-5  1.16792e-5
   3 │  1024.0  0.0444905  0.0414506  0.0405458  0.0437124  0.0422196  0.0428602    7.52596  0.0520215  0.174911   0.303405   0.291426   0.305498   1.66185e-5  6.17927e-6
   4 │  2048.0  0.0339872  0.0339013  0.0331838  0.0475627  0.0330831  0.0330462    7.40152  0.0841236  0.0242824  0.0175734  0.0209446  0.0179464  8.96799e-5  7.53569e-5
   5 │  4096.0  0.0188648  0.0175393  0.0165196  0.0167052  0.016703   0.0185333    7.51701  0.0192589  0.0226066  0.0700109  0.0211831  0.258133   4.07063e-5  2.60316e-5
05:57:05.337: saved at /global/u2/r/rstrauss/repos/MPAS_Ocean_Julia/output/kelvinwave/resolution512x512/procs4096/steps10/nvlevels100/2022-08-26T05:54:58.902.txt
