16:40:29.743: results to: /global/u2/r/rstrauss/repos/MPAS_Ocean_Julia/output/kelvinwave/resolution128x128/procs1024/steps10/nvlevels100/2022-08-24T16:40:29.640.txt
16:40:57.134: running tests for [2, 4, 8, 16, 32, 64, 128, 256, 512, 1024] counts of processors with 6 samples per test of 10 steps each
16:40:57.135: halos: 1 wide
16:41:00.07: partitioning 128 x 128 x 100 ocean among 2 processes with /global/u2/r/rstrauss/repos/MPAS_Ocean_Julia/scaling_test/graphparts/128x128/graph.info.part.2
16:41:00.698: subsetting ocean
16:41:00.767: cell count 8326
16:41:02.667: dt: 39.45908377156991
16:41:03.079: now simulating for 60 steps, communicating every 1 steps, timing 6 samples of 10 steps
16:41:23.419: generating exact sol
16:41:23.526: calculating error
16:41:23.738: num: [-0.0009731509033452122, -0.0009354989292770984, -0.0008993037188215894, -0.0008645091683011387, -0.0008310606309664574, -0.00079890623153845, -0.0007679960461683833, -0.0007382816916397492, -0.0007097170430246995, -0.0006822576751665483], exact: [-0.0009621925825755333, -0.0009249646648737461, -0.0008891771218760555, -0.0008547742244572166, -0.0008217023996916124, -0.000789910147428351, -0.0007593479600941322, -0.0007299682455989988, -0.0007017252532249185, -0.0006745750023817904]
16:41:25.644: 1×15 DataFrame
 Row │ procs    sim_time1  sim_time2  sim_time3  sim_time4  sim_time5  sim_time6  mpi_time1  mpi_time2  mpi_time3  mpi_time4  mpi_time5  mpi_time6  max_error    l2_error
     │ Float64  Float64    Float64    Float64    Float64    Float64    Float64    Float64    Float64    Float64    Float64    Float64    Float64    Float64      Float64
─────┼──────────────────────────────────────────────────────────────────────────────────────────────────────────────────────────────────────────────────────────────────────
   1 │     2.0    2.52504    2.61849    2.85015     2.4781    2.51016    2.52896    3.65851  0.0681007   0.142022  0.0689503   0.400553  0.0393277  0.000104093  3.28395e-5
16:41:30.034: saved at /global/u2/r/rstrauss/repos/MPAS_Ocean_Julia/output/kelvinwave/resolution128x128/procs1024/steps10/nvlevels100/2022-08-24T16:40:29.640.txt
16:41:30.043: partitioning 128 x 128 x 100 ocean among 4 processes with /global/u2/r/rstrauss/repos/MPAS_Ocean_Julia/scaling_test/graphparts/128x128/graph.info.part.4
16:41:30.461: subsetting ocean
16:41:30.462: cell count 4221
16:41:30.79: dt: 39.45908377156991
16:41:30.794: now simulating for 60 steps, communicating every 1 steps, timing 6 samples of 10 steps
16:41:44.188: generating exact sol
16:41:44.206: calculating error
16:41:44.207: num: [-0.0009731508439243091, -0.0009354989969491763, -0.0008993038621008901, -0.0008645091683010422, -0.0008310606873302882, -0.0007989061840014477, -0.0007679960569684103, -0.0007382817876103108, -0.0007097170930764728, -0.0006822575490880153], exact: [-0.0009621925825755333, -0.0009249646648737461, -0.0008891771218760555, -0.0008547742244572166, -0.0008217023996916124, -0.000789910147428351, -0.0007593479600941322, -0.0007299682455989988, -0.0007017252532249185, -0.0006745750023817904]
16:41:44.207: 2×15 DataFrame
 Row │ procs    sim_time1  sim_time2  sim_time3  sim_time4  sim_time5  sim_time6  mpi_time1  mpi_time2  mpi_time3  mpi_time4  mpi_time5  mpi_time6  max_error    l2_error
     │ Float64  Float64    Float64    Float64    Float64    Float64    Float64    Float64    Float64    Float64    Float64    Float64    Float64    Float64      Float64
─────┼──────────────────────────────────────────────────────────────────────────────────────────────────────────────────────────────────────────────────────────────────────
   1 │     2.0    2.52504    2.61849    2.85015    2.4781     2.51016    2.52896    3.65851  0.0681007  0.142022   0.0689503  0.400553   0.0393277  0.000104093  3.28395e-5
   2 │     4.0    1.11213    1.12814    1.17871    1.09855    1.13476    1.13757    6.08876  0.0432032  0.0869839  0.149263   0.0496831  0.145333   0.000104093  4.44618e-5
16:41:44.213: saved at /global/u2/r/rstrauss/repos/MPAS_Ocean_Julia/output/kelvinwave/resolution128x128/procs1024/steps10/nvlevels100/2022-08-24T16:40:29.640.txt
16:41:46.447: partitioning 128 x 128 x 100 ocean among 8 processes with /global/u2/r/rstrauss/repos/MPAS_Ocean_Julia/scaling_test/graphparts/128x128/graph.info.part.8
16:41:46.824: subsetting ocean
16:41:46.824: cell count 2173
16:41:47.026: dt: 39.45908377156991
16:41:47.029: now simulating for 60 steps, communicating every 1 steps, timing 6 samples of 10 steps
16:41:57.418: generating exact sol
16:41:57.426: calculating error
16:41:57.427: num: [-1.9571796790401182e-5, -1.8814550055796023e-5, -1.8086601727041457e-5, -1.7386818192770286e-5, -1.6714109726080587e-5, -1.606742892866974e-5, -1.5445768607823148e-5, -1.4848160793239366e-5, -1.4273674842832373e-5, -1.3721416189395186e-5], exact: [-1.935141081264843e-5, -1.8602690917907192e-5, -1.788293953022772e-5, -1.719103583739804e-5, -1.6525902392230484e-5, -1.5886503434738074e-5, -1.5271843279226884e-5, -1.4680964763793075e-5, -1.4112947759809965e-5, -1.3566907739084088e-5]
16:41:57.427: 3×15 DataFrame
 Row │ procs    sim_time1  sim_time2  sim_time3  sim_time4  sim_time5  sim_time6  mpi_time1  mpi_time2  mpi_time3  mpi_time4  mpi_time5  mpi_time6  max_error    l2_error
     │ Float64  Float64    Float64    Float64    Float64    Float64    Float64    Float64    Float64    Float64    Float64    Float64    Float64    Float64      Float64
─────┼──────────────────────────────────────────────────────────────────────────────────────────────────────────────────────────────────────────────────────────────────────
   1 │     2.0   2.52504    2.61849    2.85015    2.4781     2.51016    2.52896     3.65851  0.0681007  0.142022   0.0689503  0.400553   0.0393277  0.000104093  3.28395e-5
   2 │     4.0   1.11213    1.12814    1.17871    1.09855    1.13476    1.13757     6.08876  0.0432032  0.0869839  0.149263   0.0496831  0.145333   0.000104093  4.44618e-5
   3 │     8.0   0.477651   0.463324   0.478139   0.477689   0.503916   0.455188    6.58479  0.253659   0.168232   0.154064   0.138132   0.212421   4.22441e-6   1.08914e-6
16:41:58.288: saved at /global/u2/r/rstrauss/repos/MPAS_Ocean_Julia/output/kelvinwave/resolution128x128/procs1024/steps10/nvlevels100/2022-08-24T16:40:29.640.txt
16:41:59.698: partitioning 128 x 128 x 100 ocean among 16 processes with /global/u2/r/rstrauss/repos/MPAS_Ocean_Julia/scaling_test/graphparts/128x128/graph.info.part.16
16:42:00.22: subsetting ocean
16:42:00.221: cell count 1145
16:42:00.34: dt: 39.45908377156991
16:42:00.342: now simulating for 60 steps, communicating every 1 steps, timing 6 samples of 10 steps
16:42:09.251: generating exact sol
16:42:09.256: calculating error
16:42:09.256: num: [-0.000309892522344928, -0.000297902547184055, -0.0002863764962395323, -0.00027529637934074405, -0.0002646449670285095, -0.0002544056568263975, -0.00024456252288734256, -0.00023510022133195807, -0.00022600402568304746, -0.0002172597680054825], exact: [-0.00030640298838766094, -0.00029454803809824526, -0.00028315176429597497, -0.0002721964204602217, -0.00026166494669590515, -0.0002515409431674609, -0.00024180864456066603, -0.00023245289553255657, -0.00022345912711120336, -0.00021481333400859856]
16:42:09.257: 4×15 DataFrame
 Row │ procs    sim_time1  sim_time2  sim_time3  sim_time4  sim_time5  sim_time6  mpi_time1  mpi_time2  mpi_time3  mpi_time4  mpi_time5  mpi_time6  max_error    l2_error
     │ Float64  Float64    Float64    Float64    Float64    Float64    Float64    Float64    Float64    Float64    Float64    Float64    Float64    Float64      Float64
─────┼──────────────────────────────────────────────────────────────────────────────────────────────────────────────────────────────────────────────────────────────────────
   1 │     2.0   2.52504    2.61849    2.85015    2.4781     2.51016    2.52896     3.65851  0.0681007  0.142022   0.0689503  0.400553   0.0393277  0.000104093  3.28395e-5
   2 │     4.0   1.11213    1.12814    1.17871    1.09855    1.13476    1.13757     6.08876  0.0432032  0.0869839  0.149263   0.0496831  0.145333   0.000104093  4.44618e-5
   3 │     8.0   0.477651   0.463324   0.478139   0.477689   0.503916   0.455188    6.58479  0.253659   0.168232   0.154064   0.138132   0.212421   4.22441e-6   1.08914e-6
   4 │    16.0   0.25113    0.259903   0.259767   0.259054   0.260678   0.2898      6.22327  0.116142   0.115712   0.584491   0.124139   0.152897   0.000104093  4.32569e-5
16:42:09.265: saved at /global/u2/r/rstrauss/repos/MPAS_Ocean_Julia/output/kelvinwave/resolution128x128/procs1024/steps10/nvlevels100/2022-08-24T16:40:29.640.txt
16:42:11.564: partitioning 128 x 128 x 100 ocean among 32 processes with /global/u2/r/rstrauss/repos/MPAS_Ocean_Julia/scaling_test/graphparts/128x128/graph.info.part.32
16:42:11.997: subsetting ocean
16:42:11.997: cell count 579
16:42:12.076: dt: 39.45908377156991
16:42:12.077: now simulating for 60 steps, communicating every 1 steps, timing 6 samples of 10 steps
16:42:19.402: generating exact sol
16:42:19.406: calculating error
16:42:19.406: num: [9.041194512285482e-6, 8.691384283427172e-6, 8.35510843448654e-6, 8.031843310367316e-6, 7.721085548265652e-6, 7.422351235807648e-6, 7.135175182313266e-6, 6.859110146254403e-6, 6.593726276403714e-6, 6.338610308495329e-6], exact: [9.693505749212175e-6, 9.318457093871762e-6, 8.957919338665097e-6, 8.611331046510088e-6, 8.278152502726045e-6, 7.957864874578445e-6, 7.64996940334154e-6, 7.353986627620623e-6, 7.069455636724511e-6, 6.795933352925616e-6]
16:42:19.407: 5×15 DataFrame
 Row │ procs    sim_time1  sim_time2  sim_time3  sim_time4  sim_time5  sim_time6  mpi_time1  mpi_time2  mpi_time3   mpi_time4   mpi_time5   mpi_time6   max_error    l2_error
     │ Float64  Float64    Float64    Float64    Float64    Float64    Float64    Float64    Float64    Float64     Float64     Float64     Float64     Float64      Float64
─────┼──────────────────────────────────────────────────────────────────────────────────────────────────────────────────────────────────────────────────────────────────────────
   1 │     2.0   2.52504    2.61849    2.85015    2.4781     2.51016    2.52896     3.65851  0.0681007  0.142022    0.0689503   0.400553    0.0393277   0.000104093  3.28395e-5
   2 │     4.0   1.11213    1.12814    1.17871    1.09855    1.13476    1.13757     6.08876  0.0432032  0.0869839   0.149263    0.0496831   0.145333    0.000104093  4.44618e-5
   3 │     8.0   0.477651   0.463324   0.478139   0.477689   0.503916   0.455188    6.58479  0.253659   0.168232    0.154064    0.138132    0.212421    4.22441e-6   1.08914e-6
   4 │    16.0   0.25113    0.259903   0.259767   0.259054   0.260678   0.2898      6.22327  0.116142   0.115712    0.584491    0.124139    0.152897    0.000104093  4.32569e-5
   5 │    32.0   0.146957   0.156014   0.15605    0.156606   0.155903   0.156173    6.35071  0.0082561  0.00922597  0.00743595  0.00761339  0.00769518  1.69209e-6   8.13069e-7
16:42:19.413: saved at /global/u2/r/rstrauss/repos/MPAS_Ocean_Julia/output/kelvinwave/resolution128x128/procs1024/steps10/nvlevels100/2022-08-24T16:40:29.640.txt
16:42:21.893: partitioning 128 x 128 x 100 ocean among 64 processes with /global/u2/r/rstrauss/repos/MPAS_Ocean_Julia/scaling_test/graphparts/128x128/graph.info.part.64
16:42:22.366: subsetting ocean
16:42:22.367: cell count 320
16:42:22.445: dt: 39.45908377156991
16:42:22.446: now simulating for 60 steps, communicating every 1 steps, timing 6 samples of 10 steps
16:42:30.609: generating exact sol
16:42:30.611: calculating error
16:42:30.612: num: [-1.4273674792168334e-5, -1.3721416163025707e-5, -1.3190524803466246e-5, -1.2680173978768353e-5, -1.218956900567921e-5, -1.1717945887661575e-5, -1.1264570173815815e-5, -1.0828735908671226e-5, -1.0409764392950788e-5, -1.000700318262134e-5], exact: [-1.4112947759809965e-5, -1.3566907739084088e-5, -1.3041994396449062e-5, -1.2537390325652181e-5, -1.2052309746472053e-5, -1.1585997281084813e-5, -1.1137726777773697e-5, -1.0706800180150093e-5, -1.0292546440125217e-5, -9.894320472939771e-6]
16:42:30.612: 6×15 DataFrame
 Row │ procs    sim_time1  sim_time2  sim_time3  sim_time4  sim_time5  sim_time6  mpi_time1  mpi_time2  mpi_time3   mpi_time4   mpi_time5   mpi_time6   max_error    l2_error
     │ Float64  Float64    Float64    Float64    Float64    Float64    Float64    Float64    Float64    Float64     Float64     Float64     Float64     Float64      Float64
─────┼──────────────────────────────────────────────────────────────────────────────────────────────────────────────────────────────────────────────────────────────────────────
   1 │     2.0   2.52504   2.61849    2.85015    2.4781     2.51016    2.52896      3.65851  0.0681007  0.142022    0.0689503   0.400553    0.0393277   0.000104093  3.28395e-5
   2 │     4.0   1.11213   1.12814    1.17871    1.09855    1.13476    1.13757      6.08876  0.0432032  0.0869839   0.149263    0.0496831   0.145333    0.000104093  4.44618e-5
   3 │     8.0   0.477651  0.463324   0.478139   0.477689   0.503916   0.455188     6.58479  0.253659   0.168232    0.154064    0.138132    0.212421    4.22441e-6   1.08914e-6
   4 │    16.0   0.25113   0.259903   0.259767   0.259054   0.260678   0.2898       6.22327  0.116142   0.115712    0.584491    0.124139    0.152897    0.000104093  4.32569e-5
   5 │    32.0   0.146957  0.156014   0.15605    0.156606   0.155903   0.156173     6.35071  0.0082561  0.00922597  0.00743595  0.00761339  0.00769518  1.69209e-6   8.13069e-7
   6 │    64.0   0.080087  0.0842915  0.0846082  0.0843552  0.0853896  0.0858527    7.35789  0.111233   0.023546    0.0237654   0.057262    0.0804641   2.37945e-6   6.5673e-7
16:42:30.618: saved at /global/u2/r/rstrauss/repos/MPAS_Ocean_Julia/output/kelvinwave/resolution128x128/procs1024/steps10/nvlevels100/2022-08-24T16:40:29.640.txt
16:42:33.46: partitioning 128 x 128 x 100 ocean among 128 processes with /global/u2/r/rstrauss/repos/MPAS_Ocean_Julia/scaling_test/graphparts/128x128/graph.info.part.128
16:42:33.901: subsetting ocean
16:42:33.901: cell count 177
16:42:34.004: dt: 39.45908377156991
16:42:34.005: now simulating for 60 steps, communicating every 1 steps, timing 6 samples of 10 steps
16:42:41.665: generating exact sol
16:42:41.666: calculating error
16:42:41.667: num: [-3.1278270535738836e-6, -4.997063202466363e-6, -4.803723179650806e-6, -6.890464982262219e-6, -6.623867887044678e-6, -6.3675856280253015e-6, -6.121219339319305e-6, -5.884384852168696e-6, -5.656713909844922e-6, -5.437851642290563e-6], exact: [-5.06850189279887e-6, -6.926901211474128e-6, -6.6588944601240926e-6, -8.789308051249784e-6, -8.44924345013663e-6, -8.122336191132319e-6, -7.808077207280729e-6, -7.505977127789595e-6, -7.215565515971847e-6, -6.936390136671552e-6]
16:42:41.667: 7×15 DataFrame
 Row │ procs    sim_time1  sim_time2  sim_time3  sim_time4  sim_time5  sim_time6  mpi_time1  mpi_time2   mpi_time3   mpi_time4   mpi_time5   mpi_time6   max_error    l2_error
     │ Float64  Float64    Float64    Float64    Float64    Float64    Float64    Float64    Float64     Float64     Float64     Float64     Float64     Float64      Float64
─────┼───────────────────────────────────────────────────────────────────────────────────────────────────────────────────────────────────────────────────────────────────────────
   1 │     2.0  2.52504    2.61849    2.85015    2.4781     2.51016    2.52896      3.65851  0.0681007   0.142022    0.0689503   0.400553    0.0393277   0.000104093  3.28395e-5
   2 │     4.0  1.11213    1.12814    1.17871    1.09855    1.13476    1.13757      6.08876  0.0432032   0.0869839   0.149263    0.0496831   0.145333    0.000104093  4.44618e-5
   3 │     8.0  0.477651   0.463324   0.478139   0.477689   0.503916   0.455188     6.58479  0.253659    0.168232    0.154064    0.138132    0.212421    4.22441e-6   1.08914e-6
   4 │    16.0  0.25113    0.259903   0.259767   0.259054   0.260678   0.2898       6.22327  0.116142    0.115712    0.584491    0.124139    0.152897    0.000104093  4.32569e-5
   5 │    32.0  0.146957   0.156014   0.15605    0.156606   0.155903   0.156173     6.35071  0.0082561   0.00922597  0.00743595  0.00761339  0.00769518  1.69209e-6   8.13069e-7
   6 │    64.0  0.080087   0.0842915  0.0846082  0.0843552  0.0853896  0.0858527    7.35789  0.111233    0.023546    0.0237654   0.057262    0.0804641   2.37945e-6   6.5673e-7
   7 │   128.0  0.0374861  0.0372155  0.037172   0.0369954  0.0368163  0.0369215    7.41709  0.00350771  0.00329133  0.00343077  0.00373964  0.00352088  3.84041e-6   1.44911e-6
16:42:41.674: saved at /global/u2/r/rstrauss/repos/MPAS_Ocean_Julia/output/kelvinwave/resolution128x128/procs1024/steps10/nvlevels100/2022-08-24T16:40:29.640.txt
16:42:44.367: partitioning 128 x 128 x 100 ocean among 256 processes with /global/u2/r/rstrauss/repos/MPAS_Ocean_Julia/scaling_test/graphparts/128x128/graph.info.part.256
16:42:44.874: subsetting ocean
16:42:44.874: cell count 100
16:42:45.001: dt: 39.45908377156991
16:42:45.002: now simulating for 60 steps, communicating every 1 steps, timing 6 samples of 10 steps
16:42:55.177: generating exact sol
16:42:55.178: calculating error
16:42:55.178: num: [3.2221700380852786e-6, 3.0975019797668287e-6, 2.5746606987617114e-6, 2.4750452350986835e-6, 2.379283966553557e-6, 2.287227769675246e-6, 2.198733298117855e-6, 1.3133998679603508e-6, 1.2625834885240074e-6, 1.2137332337551344e-6], exact: [2.1341938828025907e-6, 2.051620398380208e-6, 1.2316305434226463e-6, 1.1839778787275871e-6, 1.1381689296375568e-6, 1.0941323614800051e-6, 1.05179959957177e-6, 2.234221990852551e-7, 2.1477783475432837e-7, 2.064679270485344e-7]
16:42:55.179: 8×15 DataFrame
 Row │ procs    sim_time1  sim_time2  sim_time3  sim_time4  sim_time5  sim_time6  mpi_time1  mpi_time2   mpi_time3   mpi_time4   mpi_time5   mpi_time6   max_error    l2_error
     │ Float64  Float64    Float64    Float64    Float64    Float64    Float64    Float64    Float64     Float64     Float64     Float64     Float64     Float64      Float64
─────┼───────────────────────────────────────────────────────────────────────────────────────────────────────────────────────────────────────────────────────────────────────────
   1 │     2.0  2.52504    2.61849    2.85015    2.4781     2.51016    2.52896      3.65851  0.0681007   0.142022    0.0689503   0.400553    0.0393277   0.000104093  3.28395e-5
   2 │     4.0  1.11213    1.12814    1.17871    1.09855    1.13476    1.13757      6.08876  0.0432032   0.0869839   0.149263    0.0496831   0.145333    0.000104093  4.44618e-5
   3 │     8.0  0.477651   0.463324   0.478139   0.477689   0.503916   0.455188     6.58479  0.253659    0.168232    0.154064    0.138132    0.212421    4.22441e-6   1.08914e-6
   4 │    16.0  0.25113    0.259903   0.259767   0.259054   0.260678   0.2898       6.22327  0.116142    0.115712    0.584491    0.124139    0.152897    0.000104093  4.32569e-5
   5 │    32.0  0.146957   0.156014   0.15605    0.156606   0.155903   0.156173     6.35071  0.0082561   0.00922597  0.00743595  0.00761339  0.00769518  1.69209e-6   8.13069e-7
   6 │    64.0  0.080087   0.0842915  0.0846082  0.0843552  0.0853896  0.0858527    7.35789  0.111233    0.023546    0.0237654   0.057262    0.0804641   2.37945e-6   6.5673e-7
   7 │   128.0  0.0374861  0.0372155  0.037172   0.0369954  0.0368163  0.0369215    7.41709  0.00350771  0.00329133  0.00343077  0.00373964  0.00352088  3.84041e-6   1.44911e-6
   8 │   256.0  0.0152876  0.014597   0.0146833  0.0148995  0.0149543  0.0149971   10.0214   0.0127025   0.0120052   0.0116877   0.0114808   0.0145793   2.58827e-6   1.36782e-6
16:42:55.186: saved at /global/u2/r/rstrauss/repos/MPAS_Ocean_Julia/output/kelvinwave/resolution128x128/procs1024/steps10/nvlevels100/2022-08-24T16:40:29.640.txt
16:42:57.89: partitioning 128 x 128 x 100 ocean among 512 processes with /global/u2/r/rstrauss/repos/MPAS_Ocean_Julia/scaling_test/graphparts/128x128/graph.info.part.512
16:42:58.479: subsetting ocean
16:42:58.48: cell count 75
16:42:58.522: dt: 39.45908377156991
16:42:58.522: now simulating for 60 steps, communicating every 1 steps, timing 6 samples of 10 steps
16:43:06.394: generating exact sol
16:43:06.395: calculating error
16:43:06.395: num: [0.00010810067457678359, 0.00013586886288646303, 9.939672364028277e-5, 0.00012874758693229166, 0.00012376625595140748, 0.00013514014543196566, 0.00012991147474552238, 0.00015286882171003588, 0.00014695421127277865, 0.00014126844026915162], exact: [0.00011644026893341898, 0.0001246755147319837, 0.00012195376817843227, 0.00013285827291670618, 0.00012771789152142926, 0.00013773798139850372, 0.00013240880059959517, 0.00013593536218101741, 0.00013067592600609731, 0.00012561998117025373]
16:43:06.396: 9×15 DataFrame
 Row │ procs    sim_time1  sim_time2  sim_time3  sim_time4  sim_time5  sim_time6  mpi_time1  mpi_time2   mpi_time3   mpi_time4   mpi_time5   mpi_time6   max_error    l2_error
     │ Float64  Float64    Float64    Float64    Float64    Float64    Float64    Float64    Float64     Float64     Float64     Float64     Float64     Float64      Float64
─────┼───────────────────────────────────────────────────────────────────────────────────────────────────────────────────────────────────────────────────────────────────────────
   1 │     2.0  2.52504    2.61849    2.85015    2.4781     2.51016    2.52896      3.65851  0.0681007   0.142022    0.0689503   0.400553    0.0393277   0.000104093  3.28395e-5
   2 │     4.0  1.11213    1.12814    1.17871    1.09855    1.13476    1.13757      6.08876  0.0432032   0.0869839   0.149263    0.0496831   0.145333    0.000104093  4.44618e-5
   3 │     8.0  0.477651   0.463324   0.478139   0.477689   0.503916   0.455188     6.58479  0.253659    0.168232    0.154064    0.138132    0.212421    4.22441e-6   1.08914e-6
   4 │    16.0  0.25113    0.259903   0.259767   0.259054   0.260678   0.2898       6.22327  0.116142    0.115712    0.584491    0.124139    0.152897    0.000104093  4.32569e-5
   5 │    32.0  0.146957   0.156014   0.15605    0.156606   0.155903   0.156173     6.35071  0.0082561   0.00922597  0.00743595  0.00761339  0.00769518  1.69209e-6   8.13069e-7
   6 │    64.0  0.080087   0.0842915  0.0846082  0.0843552  0.0853896  0.0858527    7.35789  0.111233    0.023546    0.0237654   0.057262    0.0804641   2.37945e-6   6.5673e-7
   7 │   128.0  0.0374861  0.0372155  0.037172   0.0369954  0.0368163  0.0369215    7.41709  0.00350771  0.00329133  0.00343077  0.00373964  0.00352088  3.84041e-6   1.44911e-6
   8 │   256.0  0.0152876  0.014597   0.0146833  0.0148995  0.0149543  0.0149971   10.0214   0.0127025   0.0120052   0.0116877   0.0114808   0.0145793   2.58827e-6   1.36782e-6
   9 │   512.0  0.0125192  0.0113844  0.011434   0.0113552  0.0113205  0.0110075    7.72321  0.0110119   0.0102462   0.0107744   0.00946762  0.0370705   2.6586e-5    1.29019e-5
16:43:06.404: saved at /global/u2/r/rstrauss/repos/MPAS_Ocean_Julia/output/kelvinwave/resolution128x128/procs1024/steps10/nvlevels100/2022-08-24T16:40:29.640.txt
16:43:09.197: partitioning 128 x 128 x 100 ocean among 1024 processes with /global/u2/r/rstrauss/repos/MPAS_Ocean_Julia/scaling_test/graphparts/128x128/graph.info.part.1024
16:43:09.83: subsetting ocean
16:43:09.831: cell count 35
16:43:09.922: dt: 39.45908377156991
16:43:09.922: now simulating for 60 steps, communicating every 1 steps, timing 6 samples of 10 steps
16:43:17.774: generating exact sol
16:43:17.774: calculating error
16:43:17.775: num: [0.00013725493133907022, 0.00013194443897184991, 0.00012683941398252243, 0.00015249603647365134, 0.00014659585320137632, 0.00014092394966074115, 0.00013022999289712966, 0.00011531222934961396, 0.00011085072375107801, 0.00010656183834728455], exact: [0.00013337985441908717, 0.00012821929266324935, 0.00012325839672465056, 0.00013159165816158206, 0.00012650028299511788, 0.00012160589676737398, 0.00011237789944434752, 0.00012341932171703785, 0.00011864414007991315, 0.00011405371362820267]
16:43:17.775: 10×15 DataFrame
 Row │ procs    sim_time1   sim_time2  sim_time3   sim_time4  sim_time5   sim_time6   mpi_time1  mpi_time2   mpi_time3   mpi_time4   mpi_time5   mpi_time6   max_error    l2_error
     │ Float64  Float64     Float64    Float64     Float64    Float64     Float64     Float64    Float64     Float64     Float64     Float64     Float64     Float64      Float64
─────┼───────────────────────────────────────────────────────────────────────────────────────────────────────────────────────────────────────────────────────────────────────────────
   1 │     2.0  2.52504     2.61849    2.85015     2.4781     2.51016     2.52896       3.65851  0.0681007   0.142022    0.0689503   0.400553    0.0393277   0.000104093  3.28395e-5
   2 │     4.0  1.11213     1.12814    1.17871     1.09855    1.13476     1.13757       6.08876  0.0432032   0.0869839   0.149263    0.0496831   0.145333    0.000104093  4.44618e-5
   3 │     8.0  0.477651    0.463324   0.478139    0.477689   0.503916    0.455188      6.58479  0.253659    0.168232    0.154064    0.138132    0.212421    4.22441e-6   1.08914e-6
   4 │    16.0  0.25113     0.259903   0.259767    0.259054   0.260678    0.2898        6.22327  0.116142    0.115712    0.584491    0.124139    0.152897    0.000104093  4.32569e-5
   5 │    32.0  0.146957    0.156014   0.15605     0.156606   0.155903    0.156173      6.35071  0.0082561   0.00922597  0.00743595  0.00761339  0.00769518  1.69209e-6   8.13069e-7
   6 │    64.0  0.080087    0.0842915  0.0846082   0.0843552  0.0853896   0.0858527     7.35789  0.111233    0.023546    0.0237654   0.057262    0.0804641   2.37945e-6   6.5673e-7
   7 │   128.0  0.0374861   0.0372155  0.037172    0.0369954  0.0368163   0.0369215     7.41709  0.00350771  0.00329133  0.00343077  0.00373964  0.00352088  3.84041e-6   1.44911e-6
   8 │   256.0  0.0152876   0.014597   0.0146833   0.0148995  0.0149543   0.0149971    10.0214   0.0127025   0.0120052   0.0116877   0.0114808   0.0145793   2.58827e-6   1.36782e-6
   9 │   512.0  0.0125192   0.0113844  0.011434    0.0113552  0.0113205   0.0110075     7.72321  0.0110119   0.0102462   0.0107744   0.00946762  0.0370705   2.6586e-5    1.29019e-5
  10 │  1024.0  0.00536122  0.0050234  0.00493821  0.0049386  0.00501528  0.00502443    7.7371   0.0203766   0.0146314   0.0190868   0.0147114   0.0142675   2.17458e-5   1.23977e-5
16:43:17.783: saved at /global/u2/r/rstrauss/repos/MPAS_Ocean_Julia/output/kelvinwave/resolution128x128/procs1024/steps10/nvlevels100/2022-08-24T16:40:29.640.txt
